# JRE version: Java(TM) SE Runtime Environment (8.0_91-b15) (build 1.8.0_91-b15)
# Java VM: Java HotSpot(TM) 64-Bit Server VM (25.91-b15 mixed mode windows-amd64 compressed oops)
Heap:
 PSYoungGen      total 349696K, used 175104K [0x00000000e0000000, 0x0000000100000000, 0x0000000100000000)
  eden space 175104K, 100% used [0x00000000e0000000,0x00000000eab00000,0x00000000eab00000)
  from space 174592K, 0% used [0x00000000eab00000,0x00000000eab00000,0x00000000f5580000)
  to   space 174592K, 0% used [0x00000000f5580000,0x00000000f5580000,0x0000000100000000)
 ParOldGen       total 1048576K, used 1032871K [0x00000000a0000000, 0x00000000e0000000, 0x00000000e0000000)
  object space 1048576K, 98% used [0x00000000a0000000,0x00000000df0a9e40,0x00000000e0000000)
 Metaspace       used 54316K, capacity 55748K, committed 55936K, reserved 1097728K
  class space    used 7207K, capacity 7546K, committed 7552K, reserved 1048576K
GC Heap History (10 events):
Event: 58.201 GC heap after
Heap after GC invocations=55 (full 8):
 PSYoungGen      total 349696K, used 26930K [0x00000000e0000000, 0x0000000100000000, 0x0000000100000000)
  eden space 175104K, 0% used [0x00000000e0000000,0x00000000e0000000,0x00000000eab00000)
  from space 174592K, 15% used [0x00000000f5580000,0x00000000f6fcca08,0x0000000100000000)
  to   space 174592K, 0% used [0x00000000eab00000,0x00000000eab00000,0x00000000f5580000)
 ParOldGen       total 1048576K, used 948389K [0x00000000a0000000, 0x00000000e0000000, 0x00000000e0000000)
  object space 1048576K, 90% used [0x00000000a0000000,0x00000000d9e294a0,0x00000000e0000000)
 Metaspace       used 54283K, capacity 55742K, committed 55936K, reserved 1097728K
  class space    used 7201K, capacity 7545K, committed 7552K, reserved 1048576K
}
Event: 58.567 GC heap before
{Heap before GC invocations=56 (full 8):
 PSYoungGen      total 349696K, used 202034K [0x00000000e0000000, 0x0000000100000000, 0x0000000100000000)
  eden space 175104K, 100% used [0x00000000e0000000,0x00000000eab00000,0x00000000eab00000)
  from space 174592K, 15% used [0x00000000f5580000,0x00000000f6fcca08,0x0000000100000000)
  to   space 174592K, 0% used [0x00000000eab00000,0x00000000eab00000,0x00000000f5580000)
 ParOldGen       total 1048576K, used 948389K [0x00000000a0000000, 0x00000000e0000000, 0x00000000e0000000)
  object space 1048576K, 90% used [0x00000000a0000000,0x00000000d9e294a0,0x00000000e0000000)
 Metaspace       used 54283K, capacity 55742K, committed 55936K, reserved 1097728K
  class space    used 7201K, capacity 7545K, committed 7552K, reserved 1048576K
Event: 58.633 GC heap after
Heap after GC invocations=56 (full 8):
 PSYoungGen      total 349696K, used 25855K [0x00000000e0000000, 0x0000000100000000, 0x0000000100000000)
  eden space 175104K, 0% used [0x00000000e0000000,0x00000000e0000000,0x00000000eab00000)
  from space 174592K, 14% used [0x00000000eab00000,0x00000000ec43fe68,0x00000000f5580000)
  to   space 174592K, 0% used [0x00000000f5580000,0x00000000f5580000,0x0000000100000000)
 ParOldGen       total 1048576K, used 974114K [0x00000000a0000000, 0x00000000e0000000, 0x00000000e0000000)
  object space 1048576K, 92% used [0x00000000a0000000,0x00000000db748938,0x00000000e0000000)
 Metaspace       used 54283K, capacity 55742K, committed 55936K, reserved 1097728K
  class space    used 7201K, capacity 7545K, committed 7552K, reserved 1048576K
}
Event: 58.634 GC heap before
{Heap before GC invocations=57 (full 9):
 PSYoungGen      total 349696K, used 25855K [0x00000000e0000000, 0x0000000100000000, 0x0000000100000000)
  eden space 175104K, 0% used [0x00000000e0000000,0x00000000e0000000,0x00000000eab00000)
  from space 174592K, 14% used [0x00000000eab00000,0x00000000ec43fe68,0x00000000f5580000)
  to   space 174592K, 0% used [0x00000000f5580000,0x00000000f5580000,0x0000000100000000)
 ParOldGen       total 1048576K, used 974114K [0x00000000a0000000, 0x00000000e0000000, 0x00000000e0000000)
  object space 1048576K, 92% used [0x00000000a0000000,0x00000000db748938,0x00000000e0000000)
 Metaspace       used 54283K, capacity 55742K, committed 55936K, reserved 1097728K
  class space    used 7201K, capacity 7545K, committed 7552K, reserved 1048576K
Event: 65.414 GC heap after
Heap after GC invocations=57 (full 9):
 PSYoungGen      total 349696K, used 0K [0x00000000e0000000, 0x0000000100000000, 0x0000000100000000)
  eden space 175104K, 0% used [0x00000000e0000000,0x00000000e0000000,0x00000000eab00000)
  from space 174592K, 0% used [0x00000000eab00000,0x00000000eab00000,0x00000000f5580000)
  to   space 174592K, 0% used [0x00000000f5580000,0x00000000f5580000,0x0000000100000000)
 ParOldGen       total 1048576K, used 982276K [0x00000000a0000000, 0x00000000e0000000, 0x00000000e0000000)
  object space 1048576K, 93% used [0x00000000a0000000,0x00000000dbf41120,0x00000000e0000000)
 Metaspace       used 54283K, capacity 55742K, committed 55936K, reserved 1097728K
  class space    used 7201K, capacity 7545K, committed 7552K, reserved 1048576K
}
Event: 65.789 GC heap before
{Heap before GC invocations=58 (full 10):
 PSYoungGen      total 349696K, used 175104K [0x00000000e0000000, 0x0000000100000000, 0x0000000100000000)
  eden space 175104K, 100% used [0x00000000e0000000,0x00000000eab00000,0x00000000eab00000)
  from space 174592K, 0% used [0x00000000eab00000,0x00000000eab00000,0x00000000f5580000)
  to   space 174592K, 0% used [0x00000000f5580000,0x00000000f5580000,0x0000000100000000)
 ParOldGen       total 1048576K, used 982276K [0x00000000a0000000, 0x00000000e0000000, 0x00000000e0000000)
  object space 1048576K, 93% used [0x00000000a0000000,0x00000000dbf41120,0x00000000e0000000)
 Metaspace       used 54310K, capacity 55748K, committed 55936K, reserved 1097728K
  class space    used 7207K, capacity 7546K, committed 7552K, reserved 1048576K
Event: 67.721 GC heap after
Heap after GC invocations=58 (full 10):
 PSYoungGen      total 349696K, used 0K [0x00000000e0000000, 0x0000000100000000, 0x0000000100000000)
  eden space 175104K, 0% used [0x00000000e0000000,0x00000000e0000000,0x00000000eab00000)
  from space 174592K, 0% used [0x00000000eab00000,0x00000000eab00000,0x00000000f5580000)
  to   space 174592K, 0% used [0x00000000f5580000,0x00000000f5580000,0x0000000100000000)
 ParOldGen       total 1048576K, used 1007432K [0x00000000a0000000, 0x00000000e0000000, 0x00000000e0000000)
  object space 1048576K, 96% used [0x00000000a0000000,0x00000000dd7d2098,0x00000000e0000000)
 Metaspace       used 54310K, capacity 55748K, committed 55936K, reserved 1097728K
  class space    used 7207K, capacity 7546K, committed 7552K, reserved 1048576K
}
Event: 68.034 GC heap before
{Heap before GC invocations=59 (full 11):
 PSYoungGen      total 349696K, used 175104K [0x00000000e0000000, 0x0000000100000000, 0x0000000100000000)
  eden space 175104K, 100% used [0x00000000e0000000,0x00000000eab00000,0x00000000eab00000)
  from space 174592K, 0% used [0x00000000eab00000,0x00000000eab00000,0x00000000f5580000)
  to   space 174592K, 0% used [0x00000000f5580000,0x00000000f5580000,0x0000000100000000)
 ParOldGen       total 1048576K, used 1007432K [0x00000000a0000000, 0x00000000e0000000, 0x00000000e0000000)
  object space 1048576K, 96% used [0x00000000a0000000,0x00000000dd7d2098,0x00000000e0000000)
 Metaspace       used 54310K, capacity 55748K, committed 55936K, reserved 1097728K
  class space    used 7207K, capacity 7546K, committed 7552K, reserved 1048576K
Event: 69.915 GC heap after
Heap after GC invocations=59 (full 11):
 PSYoungGen      total 349696K, used 0K [0x00000000e0000000, 0x0000000100000000, 0x0000000100000000)
  eden space 175104K, 0% used [0x00000000e0000000,0x00000000e0000000,0x00000000eab00000)
  from space 174592K, 0% used [0x00000000eab00000,0x00000000eab00000,0x00000000f5580000)
  to   space 174592K, 0% used [0x00000000f5580000,0x00000000f5580000,0x0000000100000000)
 ParOldGen       total 1048576K, used 1032871K [0x00000000a0000000, 0x00000000e0000000, 0x00000000e0000000)
  object space 1048576K, 98% used [0x00000000a0000000,0x00000000df0a9e40,0x00000000e0000000)
 Metaspace       used 54310K, capacity 55748K, committed 55936K, reserved 1097728K
  class space    used 7207K, capacity 7546K, committed 7552K, reserved 1048576K
}
Event: 70.195 GC heap before
{Heap before GC invocations=60 (full 12):
 PSYoungGen      total 349696K, used 175104K [0x00000000e0000000, 0x0000000100000000, 0x0000000100000000)
  eden space 175104K, 100% used [0x00000000e0000000,0x00000000eab00000,0x00000000eab00000)
  from space 174592K, 0% used [0x00000000eab00000,0x00000000eab00000,0x00000000f5580000)
  to   space 174592K, 0% used [0x00000000f5580000,0x00000000f5580000,0x0000000100000000)
 ParOldGen       total 1048576K, used 1032871K [0x00000000a0000000, 0x00000000e0000000, 0x00000000e0000000)
  object space 1048576K, 98% used [0x00000000a0000000,0x00000000df0a9e40,0x00000000e0000000)
 Metaspace       used 54316K, capacity 55748K, committed 55936K, reserved 1097728K
  class space    used 7207K, capacity 7546K, committed 7552K, reserved 1048576K

