# JRE version: Java(TM) SE Runtime Environment (8.0_91-b15) (build 1.8.0_91-b15)
# Java VM: Java HotSpot(TM) 64-Bit Server VM (25.91-b15 mixed mode windows-amd64 compressed oops)
Heap:
 PSYoungGen      total 349696K, used 175104K [0x00000000e0000000, 0x0000000100000000, 0x0000000100000000)
  eden space 175104K, 100% used [0x00000000e0000000,0x00000000eab00000,0x00000000eab00000)
  from space 174592K, 0% used [0x00000000eab00000,0x00000000eab00000,0x00000000f5580000)
  to   space 174592K, 0% used [0x00000000f5580000,0x00000000f5580000,0x0000000100000000)
 ParOldGen       total 1048576K, used 1009168K [0x00000000a0000000, 0x00000000e0000000, 0x00000000e0000000)
  object space 1048576K, 96% used [0x00000000a0000000,0x00000000dd984088,0x00000000e0000000)
 Metaspace       used 85594K, capacity 92382K, committed 99288K, reserved 1134592K
  class space    used 11023K, capacity 12158K, committed 13784K, reserved 1048576K
GC Heap History (10 events):
Event: 3031.387 GC heap after
Heap after GC invocations=585 (full 59):
 PSYoungGen      total 348672K, used 78870K [0x00000000e0000000, 0x00000000ff000000, 0x0000000100000000)
  eden space 188928K, 0% used [0x00000000e0000000,0x00000000e0000000,0x00000000eb880000)
  from space 159744K, 49% used [0x00000000f5300000,0x00000000fa005ba8,0x00000000fef00000)
  to   space 158208K, 0% used [0x00000000eb880000,0x00000000eb880000,0x00000000f5300000)
 ParOldGen       total 1048576K, used 978013K [0x00000000a0000000, 0x00000000e0000000, 0x00000000e0000000)
  object space 1048576K, 93% used [0x00000000a0000000,0x00000000dbb17458,0x00000000e0000000)
 Metaspace       used 85594K, capacity 92382K, committed 99288K, reserved 1134592K
  class space    used 11023K, capacity 12158K, committed 13784K, reserved 1048576K
}
Event: 3031.580 GC heap before
{Heap before GC invocations=586 (full 59):
 PSYoungGen      total 348672K, used 267798K [0x00000000e0000000, 0x00000000ff000000, 0x0000000100000000)
  eden space 188928K, 100% used [0x00000000e0000000,0x00000000eb880000,0x00000000eb880000)
  from space 159744K, 49% used [0x00000000f5300000,0x00000000fa005ba8,0x00000000fef00000)
  to   space 158208K, 0% used [0x00000000eb880000,0x00000000eb880000,0x00000000f5300000)
 ParOldGen       total 1048576K, used 978013K [0x00000000a0000000, 0x00000000e0000000, 0x00000000e0000000)
  object space 1048576K, 93% used [0x00000000a0000000,0x00000000dbb17458,0x00000000e0000000)
 Metaspace       used 85594K, capacity 92382K, committed 99288K, reserved 1134592K
  class space    used 11023K, capacity 12158K, committed 13784K, reserved 1048576K
Event: 3031.692 GC heap after
Heap after GC invocations=586 (full 59):
 PSYoungGen      total 347136K, used 107339K [0x00000000e0000000, 0x0000000100000000, 0x0000000100000000)
  eden space 188928K, 0% used [0x00000000e0000000,0x00000000e0000000,0x00000000eb880000)
  from space 158208K, 67% used [0x00000000eb880000,0x00000000f2152c60,0x00000000f5300000)
  to   space 166400K, 0% used [0x00000000f5d80000,0x00000000f5d80000,0x0000000100000000)
 ParOldGen       total 1048576K, used 978013K [0x00000000a0000000, 0x00000000e0000000, 0x00000000e0000000)
  object space 1048576K, 93% used [0x00000000a0000000,0x00000000dbb17458,0x00000000e0000000)
 Metaspace       used 85594K, capacity 92382K, committed 99288K, reserved 1134592K
  class space    used 11023K, capacity 12158K, committed 13784K, reserved 1048576K
}
Event: 3031.869 GC heap before
{Heap before GC invocations=587 (full 59):
 PSYoungGen      total 347136K, used 296267K [0x00000000e0000000, 0x0000000100000000, 0x0000000100000000)
  eden space 188928K, 100% used [0x00000000e0000000,0x00000000eb880000,0x00000000eb880000)
  from space 158208K, 67% used [0x00000000eb880000,0x00000000f2152c60,0x00000000f5300000)
  to   space 166400K, 0% used [0x00000000f5d80000,0x00000000f5d80000,0x0000000100000000)
 ParOldGen       total 1048576K, used 978013K [0x00000000a0000000, 0x00000000e0000000, 0x00000000e0000000)
  object space 1048576K, 93% used [0x00000000a0000000,0x00000000dbb17458,0x00000000e0000000)
 Metaspace       used 85594K, capacity 92382K, committed 99288K, reserved 1134592K
  class space    used 11023K, capacity 12158K, committed 13784K, reserved 1048576K
Event: 3032.009 GC heap after
Heap after GC invocations=587 (full 59):
 PSYoungGen      total 341504K, used 134690K [0x00000000e0000000, 0x0000000100000000, 0x0000000100000000)
  eden space 175104K, 0% used [0x00000000e0000000,0x00000000e0000000,0x00000000eab00000)
  from space 166400K, 80% used [0x00000000f5d80000,0x00000000fe108b08,0x0000000100000000)
  to   space 174592K, 0% used [0x00000000eab00000,0x00000000eab00000,0x00000000f5580000)
 ParOldGen       total 1048576K, used 978013K [0x00000000a0000000, 0x00000000e0000000, 0x00000000e0000000)
  object space 1048576K, 93% used [0x00000000a0000000,0x00000000dbb17458,0x00000000e0000000)
 Metaspace       used 85594K, capacity 92382K, committed 99288K, reserved 1134592K
  class space    used 11023K, capacity 12158K, committed 13784K, reserved 1048576K
}
Event: 3032.162 GC heap before
{Heap before GC invocations=588 (full 59):
 PSYoungGen      total 341504K, used 309794K [0x00000000e0000000, 0x0000000100000000, 0x0000000100000000)
  eden space 175104K, 100% used [0x00000000e0000000,0x00000000eab00000,0x00000000eab00000)
  from space 166400K, 80% used [0x00000000f5d80000,0x00000000fe108b08,0x0000000100000000)
  to   space 174592K, 0% used [0x00000000eab00000,0x00000000eab00000,0x00000000f5580000)
 ParOldGen       total 1048576K, used 978352K [0x00000000a0000000, 0x00000000e0000000, 0x00000000e0000000)
  object space 1048576K, 93% used [0x00000000a0000000,0x00000000dbb6c350,0x00000000e0000000)
 Metaspace       used 85594K, capacity 92382K, committed 99288K, reserved 1134592K
  class space    used 11023K, capacity 12158K, committed 13784K, reserved 1048576K
Event: 3032.325 GC heap after
Heap after GC invocations=588 (full 59):
 PSYoungGen      total 349696K, used 109258K [0x00000000e0000000, 0x0000000100000000, 0x0000000100000000)
  eden space 175104K, 0% used [0x00000000e0000000,0x00000000e0000000,0x00000000eab00000)
  from space 174592K, 62% used [0x00000000eab00000,0x00000000f15b29d8,0x00000000f5580000)
  to   space 174592K, 0% used [0x00000000f5580000,0x00000000f5580000,0x0000000100000000)
 ParOldGen       total 1048576K, used 1028917K [0x00000000a0000000, 0x00000000e0000000, 0x00000000e0000000)
  object space 1048576K, 98% used [0x00000000a0000000,0x00000000deccd648,0x00000000e0000000)
 Metaspace       used 85594K, capacity 92382K, committed 99288K, reserved 1134592K
  class space    used 11023K, capacity 12158K, committed 13784K, reserved 1048576K
}
Event: 3032.325 GC heap before
{Heap before GC invocations=589 (full 60):
 PSYoungGen      total 349696K, used 109258K [0x00000000e0000000, 0x0000000100000000, 0x0000000100000000)
  eden space 175104K, 0% used [0x00000000e0000000,0x00000000e0000000,0x00000000eab00000)
  from space 174592K, 62% used [0x00000000eab00000,0x00000000f15b29d8,0x00000000f5580000)
  to   space 174592K, 0% used [0x00000000f5580000,0x00000000f5580000,0x0000000100000000)
 ParOldGen       total 1048576K, used 1028917K [0x00000000a0000000, 0x00000000e0000000, 0x00000000e0000000)
  object space 1048576K, 98% used [0x00000000a0000000,0x00000000deccd648,0x00000000e0000000)
 Metaspace       used 85594K, capacity 92382K, committed 99288K, reserved 1134592K
  class space    used 11023K, capacity 12158K, committed 13784K, reserved 1048576K
Event: 3035.237 GC heap after
Heap after GC invocations=589 (full 60):
 PSYoungGen      total 349696K, used 0K [0x00000000e0000000, 0x0000000100000000, 0x0000000100000000)
  eden space 175104K, 0% used [0x00000000e0000000,0x00000000e0000000,0x00000000eab00000)
  from space 174592K, 0% used [0x00000000eab00000,0x00000000eab00000,0x00000000f5580000)
  to   space 174592K, 0% used [0x00000000f5580000,0x00000000f5580000,0x0000000100000000)
 ParOldGen       total 1048576K, used 1009166K [0x00000000a0000000, 0x00000000e0000000, 0x00000000e0000000)
  object space 1048576K, 96% used [0x00000000a0000000,0x00000000dd983ac0,0x00000000e0000000)
 Metaspace       used 85594K, capacity 92382K, committed 99288K, reserved 1134592K
  class space    used 11023K, capacity 12158K, committed 13784K, reserved 1048576K
}
Event: 3036.171 GC heap before
{Heap before GC invocations=590 (full 61):
 PSYoungGen      total 349696K, used 175104K [0x00000000e0000000, 0x0000000100000000, 0x0000000100000000)
  eden space 175104K, 100% used [0x00000000e0000000,0x00000000eab00000,0x00000000eab00000)
  from space 174592K, 0% used [0x00000000eab00000,0x00000000eab00000,0x00000000f5580000)
  to   space 174592K, 0% used [0x00000000f5580000,0x00000000f5580000,0x0000000100000000)
 ParOldGen       total 1048576K, used 1009168K [0x00000000a0000000, 0x00000000e0000000, 0x00000000e0000000)
  object space 1048576K, 96% used [0x00000000a0000000,0x00000000dd984088,0x00000000e0000000)
 Metaspace       used 85594K, capacity 92382K, committed 99288K, reserved 1134592K
  class space    used 11023K, capacity 12158K, committed 13784K, reserved 1048576K

