# JRE version: Java(TM) SE Runtime Environment (8.0_91-b15) (build 1.8.0_91-b15)
# Java VM: Java HotSpot(TM) 64-Bit Server VM (25.91-b15 mixed mode windows-amd64 compressed oops)
Heap:
 PSYoungGen      total 349696K, used 175104K [0x00000000e0000000, 0x0000000100000000, 0x0000000100000000)
  eden space 175104K, 100% used [0x00000000e0000000,0x00000000eab00000,0x00000000eab00000)
  from space 174592K, 0% used [0x00000000f5580000,0x00000000f5580000,0x0000000100000000)
  to   space 174592K, 0% used [0x00000000eab00000,0x00000000eab00000,0x00000000f5580000)
 ParOldGen       total 1048576K, used 1021635K [0x00000000a0000000, 0x00000000e0000000, 0x00000000e0000000)
  object space 1048576K, 97% used [0x00000000a0000000,0x00000000de5b0cb8,0x00000000e0000000)
 Metaspace       used 69316K, capacity 71224K, committed 73088K, reserved 1112064K
  class space    used 8967K, capacity 9449K, committed 9856K, reserved 1048576K
GC Heap History (10 events):
Event: 1070.275 GC heap after
Heap after GC invocations=65 (full 9):
 PSYoungGen      total 349696K, used 28274K [0x00000000e0000000, 0x0000000100000000, 0x0000000100000000)
  eden space 175104K, 0% used [0x00000000e0000000,0x00000000e0000000,0x00000000eab00000)
  from space 174592K, 16% used [0x00000000f5580000,0x00000000f711ca38,0x0000000100000000)
  to   space 174592K, 0% used [0x00000000eab00000,0x00000000eab00000,0x00000000f5580000)
 ParOldGen       total 1048576K, used 936145K [0x00000000a0000000, 0x00000000e0000000, 0x00000000e0000000)
  object space 1048576K, 89% used [0x00000000a0000000,0x00000000d9234400,0x00000000e0000000)
 Metaspace       used 68876K, capacity 70808K, committed 72832K, reserved 1112064K
  class space    used 8950K, capacity 9417K, committed 9856K, reserved 1048576K
}
Event: 1070.658 GC heap before
{Heap before GC invocations=66 (full 9):
 PSYoungGen      total 349696K, used 203378K [0x00000000e0000000, 0x0000000100000000, 0x0000000100000000)
  eden space 175104K, 100% used [0x00000000e0000000,0x00000000eab00000,0x00000000eab00000)
  from space 174592K, 16% used [0x00000000f5580000,0x00000000f711ca38,0x0000000100000000)
  to   space 174592K, 0% used [0x00000000eab00000,0x00000000eab00000,0x00000000f5580000)
 ParOldGen       total 1048576K, used 936145K [0x00000000a0000000, 0x00000000e0000000, 0x00000000e0000000)
  object space 1048576K, 89% used [0x00000000a0000000,0x00000000d9234400,0x00000000e0000000)
 Metaspace       used 68891K, capacity 70808K, committed 72832K, reserved 1112064K
  class space    used 8950K, capacity 9417K, committed 9856K, reserved 1048576K
Event: 1070.744 GC heap after
Heap after GC invocations=66 (full 9):
 PSYoungGen      total 349696K, used 25353K [0x00000000e0000000, 0x0000000100000000, 0x0000000100000000)
  eden space 175104K, 0% used [0x00000000e0000000,0x00000000e0000000,0x00000000eab00000)
  from space 174592K, 14% used [0x00000000eab00000,0x00000000ec3c26a0,0x00000000f5580000)
  to   space 174592K, 0% used [0x00000000f5580000,0x00000000f5580000,0x0000000100000000)
 ParOldGen       total 1048576K, used 963138K [0x00000000a0000000, 0x00000000e0000000, 0x00000000e0000000)
  object space 1048576K, 91% used [0x00000000a0000000,0x00000000dac90b68,0x00000000e0000000)
 Metaspace       used 68891K, capacity 70808K, committed 72832K, reserved 1112064K
  class space    used 8950K, capacity 9417K, committed 9856K, reserved 1048576K
}
Event: 1071.126 GC heap before
{Heap before GC invocations=67 (full 9):
 PSYoungGen      total 349696K, used 200457K [0x00000000e0000000, 0x0000000100000000, 0x0000000100000000)
  eden space 175104K, 100% used [0x00000000e0000000,0x00000000eab00000,0x00000000eab00000)
  from space 174592K, 14% used [0x00000000eab00000,0x00000000ec3c26a0,0x00000000f5580000)
  to   space 174592K, 0% used [0x00000000f5580000,0x00000000f5580000,0x0000000100000000)
 ParOldGen       total 1048576K, used 963138K [0x00000000a0000000, 0x00000000e0000000, 0x00000000e0000000)
  object space 1048576K, 91% used [0x00000000a0000000,0x00000000dac90b68,0x00000000e0000000)
 Metaspace       used 68893K, capacity 70808K, committed 72832K, reserved 1112064K
  class space    used 8950K, capacity 9417K, committed 9856K, reserved 1048576K
Event: 1071.203 GC heap after
Heap after GC invocations=67 (full 9):
 PSYoungGen      total 349696K, used 21408K [0x00000000e0000000, 0x0000000100000000, 0x0000000100000000)
  eden space 175104K, 0% used [0x00000000e0000000,0x00000000e0000000,0x00000000eab00000)
  from space 174592K, 12% used [0x00000000f5580000,0x00000000f6a681c0,0x0000000100000000)
  to   space 174592K, 0% used [0x00000000eab00000,0x00000000eab00000,0x00000000f5580000)
 ParOldGen       total 1048576K, used 987531K [0x00000000a0000000, 0x00000000e0000000, 0x00000000e0000000)
  object space 1048576K, 94% used [0x00000000a0000000,0x00000000dc462fe8,0x00000000e0000000)
 Metaspace       used 68893K, capacity 70808K, committed 72832K, reserved 1112064K
  class space    used 8950K, capacity 9417K, committed 9856K, reserved 1048576K
}
Event: 1071.203 GC heap before
{Heap before GC invocations=68 (full 10):
 PSYoungGen      total 349696K, used 21408K [0x00000000e0000000, 0x0000000100000000, 0x0000000100000000)
  eden space 175104K, 0% used [0x00000000e0000000,0x00000000e0000000,0x00000000eab00000)
  from space 174592K, 12% used [0x00000000f5580000,0x00000000f6a681c0,0x0000000100000000)
  to   space 174592K, 0% used [0x00000000eab00000,0x00000000eab00000,0x00000000f5580000)
 ParOldGen       total 1048576K, used 987531K [0x00000000a0000000, 0x00000000e0000000, 0x00000000e0000000)
  object space 1048576K, 94% used [0x00000000a0000000,0x00000000dc462fe8,0x00000000e0000000)
 Metaspace       used 68893K, capacity 70808K, committed 72832K, reserved 1112064K
  class space    used 8950K, capacity 9417K, committed 9856K, reserved 1048576K
Event: 1077.185 GC heap after
Heap after GC invocations=68 (full 10):
 PSYoungGen      total 349696K, used 0K [0x00000000e0000000, 0x0000000100000000, 0x0000000100000000)
  eden space 175104K, 0% used [0x00000000e0000000,0x00000000e0000000,0x00000000eab00000)
  from space 174592K, 0% used [0x00000000f5580000,0x00000000f5580000,0x0000000100000000)
  to   space 174592K, 0% used [0x00000000eab00000,0x00000000eab00000,0x00000000f5580000)
 ParOldGen       total 1048576K, used 999030K [0x00000000a0000000, 0x00000000e0000000, 0x00000000e0000000)
  object space 1048576K, 95% used [0x00000000a0000000,0x00000000dcf9d9e0,0x00000000e0000000)
 Metaspace       used 68893K, capacity 70808K, committed 72832K, reserved 1112064K
  class space    used 8950K, capacity 9417K, committed 9856K, reserved 1048576K
}
Event: 1077.539 GC heap before
{Heap before GC invocations=69 (full 11):
 PSYoungGen      total 349696K, used 175104K [0x00000000e0000000, 0x0000000100000000, 0x0000000100000000)
  eden space 175104K, 100% used [0x00000000e0000000,0x00000000eab00000,0x00000000eab00000)
  from space 174592K, 0% used [0x00000000f5580000,0x00000000f5580000,0x0000000100000000)
  to   space 174592K, 0% used [0x00000000eab00000,0x00000000eab00000,0x00000000f5580000)
 ParOldGen       total 1048576K, used 999030K [0x00000000a0000000, 0x00000000e0000000, 0x00000000e0000000)
  object space 1048576K, 95% used [0x00000000a0000000,0x00000000dcf9d9e0,0x00000000e0000000)
 Metaspace       used 68893K, capacity 70808K, committed 72832K, reserved 1112064K
  class space    used 8950K, capacity 9417K, committed 9856K, reserved 1048576K
Event: 1079.339 GC heap after
Heap after GC invocations=69 (full 11):
 PSYoungGen      total 349696K, used 0K [0x00000000e0000000, 0x0000000100000000, 0x0000000100000000)
  eden space 175104K, 0% used [0x00000000e0000000,0x00000000e0000000,0x00000000eab00000)
  from space 174592K, 0% used [0x00000000f5580000,0x00000000f5580000,0x0000000100000000)
  to   space 174592K, 0% used [0x00000000eab00000,0x00000000eab00000,0x00000000f5580000)
 ParOldGen       total 1048576K, used 1021635K [0x00000000a0000000, 0x00000000e0000000, 0x00000000e0000000)
  object space 1048576K, 97% used [0x00000000a0000000,0x00000000de5b0cb8,0x00000000e0000000)
 Metaspace       used 68893K, capacity 70808K, committed 72832K, reserved 1112064K
  class space    used 8950K, capacity 9417K, committed 9856K, reserved 1048576K
}
Event: 1081.159 GC heap before
{Heap before GC invocations=70 (full 12):
 PSYoungGen      total 349696K, used 175104K [0x00000000e0000000, 0x0000000100000000, 0x0000000100000000)
  eden space 175104K, 100% used [0x00000000e0000000,0x00000000eab00000,0x00000000eab00000)
  from space 174592K, 0% used [0x00000000f5580000,0x00000000f5580000,0x0000000100000000)
  to   space 174592K, 0% used [0x00000000eab00000,0x00000000eab00000,0x00000000f5580000)
 ParOldGen       total 1048576K, used 1021635K [0x00000000a0000000, 0x00000000e0000000, 0x00000000e0000000)
  object space 1048576K, 97% used [0x00000000a0000000,0x00000000de5b0cb8,0x00000000e0000000)
 Metaspace       used 69316K, capacity 71224K, committed 73088K, reserved 1112064K
  class space    used 8967K, capacity 9449K, committed 9856K, reserved 1048576K

