# JRE version: Java(TM) SE Runtime Environment (8.0_91-b15) (build 1.8.0_91-b15)
# Java VM: Java HotSpot(TM) 64-Bit Server VM (25.91-b15 mixed mode windows-amd64 compressed oops)
Heap:
 PSYoungGen      total 349696K, used 25717K [0x00000000e0000000, 0x0000000100000000, 0x0000000100000000)
  eden space 175104K, 0% used [0x00000000e0000000,0x00000000e0000000,0x00000000eab00000)
  from space 174592K, 14% used [0x00000000eab00000,0x00000000ec41d628,0x00000000f5580000)
  to   space 174592K, 0% used [0x00000000f5580000,0x00000000f5580000,0x0000000100000000)
 ParOldGen       total 1048576K, used 990677K [0x00000000a0000000, 0x00000000e0000000, 0x00000000e0000000)
  object space 1048576K, 94% used [0x00000000a0000000,0x00000000dc775790,0x00000000e0000000)
 Metaspace       used 72103K, capacity 75618K, committed 75904K, reserved 1116160K
  class space    used 9412K, capacity 10025K, committed 10112K, reserved 1048576K
GC Heap History (10 events):
Event: 2102.667 GC heap after
Heap after GC invocations=236 (full 33):
 PSYoungGen      total 349696K, used 0K [0x00000000e0000000, 0x0000000100000000, 0x0000000100000000)
  eden space 175104K, 0% used [0x00000000e0000000,0x00000000e0000000,0x00000000eab00000)
  from space 174592K, 0% used [0x00000000eab00000,0x00000000eab00000,0x00000000f5580000)
  to   space 174592K, 0% used [0x00000000f5580000,0x00000000f5580000,0x0000000100000000)
 ParOldGen       total 1048576K, used 911216K [0x00000000a0000000, 0x00000000e0000000, 0x00000000e0000000)
  object space 1048576K, 86% used [0x00000000a0000000,0x00000000d79dc068,0x00000000e0000000)
 Metaspace       used 72103K, capacity 75618K, committed 75904K, reserved 1116160K
  class space    used 9412K, capacity 10025K, committed 10112K, reserved 1048576K
}
Event: 2102.841 GC heap before
{Heap before GC invocations=237 (full 33):
 PSYoungGen      total 349696K, used 175104K [0x00000000e0000000, 0x0000000100000000, 0x0000000100000000)
  eden space 175104K, 100% used [0x00000000e0000000,0x00000000eab00000,0x00000000eab00000)
  from space 174592K, 0% used [0x00000000eab00000,0x00000000eab00000,0x00000000f5580000)
  to   space 174592K, 0% used [0x00000000f5580000,0x00000000f5580000,0x0000000100000000)
 ParOldGen       total 1048576K, used 911216K [0x00000000a0000000, 0x00000000e0000000, 0x00000000e0000000)
  object space 1048576K, 86% used [0x00000000a0000000,0x00000000d79dc068,0x00000000e0000000)
 Metaspace       used 72103K, capacity 75618K, committed 75904K, reserved 1116160K
  class space    used 9412K, capacity 10025K, committed 10112K, reserved 1048576K
Event: 2102.880 GC heap after
Heap after GC invocations=237 (full 33):
 PSYoungGen      total 349696K, used 28684K [0x00000000e0000000, 0x0000000100000000, 0x0000000100000000)
  eden space 175104K, 0% used [0x00000000e0000000,0x00000000e0000000,0x00000000eab00000)
  from space 174592K, 16% used [0x00000000f5580000,0x00000000f71833c0,0x0000000100000000)
  to   space 174592K, 0% used [0x00000000eab00000,0x00000000eab00000,0x00000000f5580000)
 ParOldGen       total 1048576K, used 911216K [0x00000000a0000000, 0x00000000e0000000, 0x00000000e0000000)
  object space 1048576K, 86% used [0x00000000a0000000,0x00000000d79dc068,0x00000000e0000000)
 Metaspace       used 72103K, capacity 75618K, committed 75904K, reserved 1116160K
  class space    used 9412K, capacity 10025K, committed 10112K, reserved 1048576K
}
Event: 2103.036 GC heap before
{Heap before GC invocations=238 (full 33):
 PSYoungGen      total 349696K, used 203788K [0x00000000e0000000, 0x0000000100000000, 0x0000000100000000)
  eden space 175104K, 100% used [0x00000000e0000000,0x00000000eab00000,0x00000000eab00000)
  from space 174592K, 16% used [0x00000000f5580000,0x00000000f71833c0,0x0000000100000000)
  to   space 174592K, 0% used [0x00000000eab00000,0x00000000eab00000,0x00000000f5580000)
 ParOldGen       total 1048576K, used 911216K [0x00000000a0000000, 0x00000000e0000000, 0x00000000e0000000)
  object space 1048576K, 86% used [0x00000000a0000000,0x00000000d79dc068,0x00000000e0000000)
 Metaspace       used 72103K, capacity 75618K, committed 75904K, reserved 1116160K
  class space    used 9412K, capacity 10025K, committed 10112K, reserved 1048576K
Event: 2103.099 GC heap after
Heap after GC invocations=238 (full 33):
 PSYoungGen      total 349696K, used 53718K [0x00000000e0000000, 0x0000000100000000, 0x0000000100000000)
  eden space 175104K, 0% used [0x00000000e0000000,0x00000000e0000000,0x00000000eab00000)
  from space 174592K, 30% used [0x00000000eab00000,0x00000000edf75ab0,0x00000000f5580000)
  to   space 174592K, 0% used [0x00000000f5580000,0x00000000f5580000,0x0000000100000000)
 ParOldGen       total 1048576K, used 911216K [0x00000000a0000000, 0x00000000e0000000, 0x00000000e0000000)
  object space 1048576K, 86% used [0x00000000a0000000,0x00000000d79dc068,0x00000000e0000000)
 Metaspace       used 72103K, capacity 75618K, committed 75904K, reserved 1116160K
  class space    used 9412K, capacity 10025K, committed 10112K, reserved 1048576K
}
Event: 2103.250 GC heap before
{Heap before GC invocations=239 (full 33):
 PSYoungGen      total 349696K, used 228822K [0x00000000e0000000, 0x0000000100000000, 0x0000000100000000)
  eden space 175104K, 100% used [0x00000000e0000000,0x00000000eab00000,0x00000000eab00000)
  from space 174592K, 30% used [0x00000000eab00000,0x00000000edf75ab0,0x00000000f5580000)
  to   space 174592K, 0% used [0x00000000f5580000,0x00000000f5580000,0x0000000100000000)
 ParOldGen       total 1048576K, used 911216K [0x00000000a0000000, 0x00000000e0000000, 0x00000000e0000000)
  object space 1048576K, 86% used [0x00000000a0000000,0x00000000d79dc068,0x00000000e0000000)
 Metaspace       used 72103K, capacity 75618K, committed 75904K, reserved 1116160K
  class space    used 9412K, capacity 10025K, committed 10112K, reserved 1048576K
Event: 2103.340 GC heap after
Heap after GC invocations=239 (full 33):
 PSYoungGen      total 349696K, used 55114K [0x00000000e0000000, 0x0000000100000000, 0x0000000100000000)
  eden space 175104K, 0% used [0x00000000e0000000,0x00000000e0000000,0x00000000eab00000)
  from space 174592K, 31% used [0x00000000f5580000,0x00000000f8b52920,0x0000000100000000)
  to   space 174592K, 0% used [0x00000000eab00000,0x00000000eab00000,0x00000000f5580000)
 ParOldGen       total 1048576K, used 936874K [0x00000000a0000000, 0x00000000e0000000, 0x00000000e0000000)
  object space 1048576K, 89% used [0x00000000a0000000,0x00000000d92eabb8,0x00000000e0000000)
 Metaspace       used 72103K, capacity 75618K, committed 75904K, reserved 1116160K
  class space    used 9412K, capacity 10025K, committed 10112K, reserved 1048576K
}
Event: 2103.497 GC heap before
{Heap before GC invocations=240 (full 33):
 PSYoungGen      total 349696K, used 230218K [0x00000000e0000000, 0x0000000100000000, 0x0000000100000000)
  eden space 175104K, 100% used [0x00000000e0000000,0x00000000eab00000,0x00000000eab00000)
  from space 174592K, 31% used [0x00000000f5580000,0x00000000f8b52920,0x0000000100000000)
  to   space 174592K, 0% used [0x00000000eab00000,0x00000000eab00000,0x00000000f5580000)
 ParOldGen       total 1048576K, used 936874K [0x00000000a0000000, 0x00000000e0000000, 0x00000000e0000000)
  object space 1048576K, 89% used [0x00000000a0000000,0x00000000d92eabe8,0x00000000e0000000)
 Metaspace       used 72103K, capacity 75618K, committed 75904K, reserved 1116160K
  class space    used 9412K, capacity 10025K, committed 10112K, reserved 1048576K
Event: 2103.587 GC heap after
Heap after GC invocations=240 (full 33):
 PSYoungGen      total 349696K, used 25717K [0x00000000e0000000, 0x0000000100000000, 0x0000000100000000)
  eden space 175104K, 0% used [0x00000000e0000000,0x00000000e0000000,0x00000000eab00000)
  from space 174592K, 14% used [0x00000000eab00000,0x00000000ec41d628,0x00000000f5580000)
  to   space 174592K, 0% used [0x00000000f5580000,0x00000000f5580000,0x0000000100000000)
 ParOldGen       total 1048576K, used 990677K [0x00000000a0000000, 0x00000000e0000000, 0x00000000e0000000)
  object space 1048576K, 94% used [0x00000000a0000000,0x00000000dc775790,0x00000000e0000000)
 Metaspace       used 72103K, capacity 75618K, committed 75904K, reserved 1116160K
  class space    used 9412K, capacity 10025K, committed 10112K, reserved 1048576K
}
Event: 2103.587 GC heap before
{Heap before GC invocations=241 (full 34):
 PSYoungGen      total 349696K, used 25717K [0x00000000e0000000, 0x0000000100000000, 0x0000000100000000)
  eden space 175104K, 0% used [0x00000000e0000000,0x00000000e0000000,0x00000000eab00000)
  from space 174592K, 14% used [0x00000000eab00000,0x00000000ec41d628,0x00000000f5580000)
  to   space 174592K, 0% used [0x00000000f5580000,0x00000000f5580000,0x0000000100000000)
 ParOldGen       total 1048576K, used 990677K [0x00000000a0000000, 0x00000000e0000000, 0x00000000e0000000)
  object space 1048576K, 94% used [0x00000000a0000000,0x00000000dc775790,0x00000000e0000000)
 Metaspace       used 72103K, capacity 75618K, committed 75904K, reserved 1116160K
  class space    used 9412K, capacity 10025K, committed 10112K, reserved 1048576K

