# JRE version: Java(TM) SE Runtime Environment (8.0_91-b15) (build 1.8.0_91-b15)
# Java VM: Java HotSpot(TM) 64-Bit Server VM (25.91-b15 mixed mode windows-amd64 compressed oops)
Heap:
 PSYoungGen      total 347136K, used 172544K [0x00000000e0000000, 0x0000000100000000, 0x0000000100000000)
  eden space 172544K, 100% used [0x00000000e0000000,0x00000000ea880000,0x00000000ea880000)
  from space 174592K, 0% used [0x00000000ea880000,0x00000000ea880000,0x00000000f5300000)
  to   space 174592K, 0% used [0x00000000f5580000,0x00000000f5580000,0x0000000100000000)
 ParOldGen       total 1048576K, used 1016915K [0x00000000a0000000, 0x00000000e0000000, 0x00000000e0000000)
  object space 1048576K, 96% used [0x00000000a0000000,0x00000000de114cb8,0x00000000e0000000)
 Metaspace       used 71882K, capacity 74970K, committed 75520K, reserved 1114112K
  class space    used 9337K, capacity 9940K, committed 10240K, reserved 1048576K
GC Heap History (10 events):
Event: 1065.644 GC heap after
Heap after GC invocations=390 (full 41):
 PSYoungGen      total 349696K, used 75282K [0x00000000e0000000, 0x0000000100000000, 0x0000000100000000)
  eden space 175104K, 0% used [0x00000000e0000000,0x00000000e0000000,0x00000000eab00000)
  from space 174592K, 43% used [0x00000000f5580000,0x00000000f9f04b80,0x0000000100000000)
  to   space 174592K, 0% used [0x00000000eab00000,0x00000000eab00000,0x00000000f5580000)
 ParOldGen       total 1048576K, used 919873K [0x00000000a0000000, 0x00000000e0000000, 0x00000000e0000000)
  object space 1048576K, 87% used [0x00000000a0000000,0x00000000d82505c0,0x00000000e0000000)
 Metaspace       used 71882K, capacity 74970K, committed 75520K, reserved 1114112K
  class space    used 9337K, capacity 9940K, committed 10240K, reserved 1048576K
}
Event: 1065.802 GC heap before
{Heap before GC invocations=391 (full 41):
 PSYoungGen      total 349696K, used 250386K [0x00000000e0000000, 0x0000000100000000, 0x0000000100000000)
  eden space 175104K, 100% used [0x00000000e0000000,0x00000000eab00000,0x00000000eab00000)
  from space 174592K, 43% used [0x00000000f5580000,0x00000000f9f04b80,0x0000000100000000)
  to   space 174592K, 0% used [0x00000000eab00000,0x00000000eab00000,0x00000000f5580000)
 ParOldGen       total 1048576K, used 919873K [0x00000000a0000000, 0x00000000e0000000, 0x00000000e0000000)
  object space 1048576K, 87% used [0x00000000a0000000,0x00000000d82505c0,0x00000000e0000000)
 Metaspace       used 71882K, capacity 74970K, committed 75520K, reserved 1114112K
  class space    used 9337K, capacity 9940K, committed 10240K, reserved 1048576K
Event: 1065.912 GC heap after
Heap after GC invocations=391 (full 41):
 PSYoungGen      total 278016K, used 102630K [0x00000000e0000000, 0x00000000ffb00000, 0x0000000100000000)
  eden space 175104K, 0% used [0x00000000e0000000,0x00000000e0000000,0x00000000eab00000)
  from space 102912K, 99% used [0x00000000eab00000,0x00000000f0f39ac0,0x00000000f0f80000)
  to   space 172032K, 0% used [0x00000000f5300000,0x00000000f5300000,0x00000000ffb00000)
 ParOldGen       total 1048576K, used 919873K [0x00000000a0000000, 0x00000000e0000000, 0x00000000e0000000)
  object space 1048576K, 87% used [0x00000000a0000000,0x00000000d82505c0,0x00000000e0000000)
 Metaspace       used 71882K, capacity 74970K, committed 75520K, reserved 1114112K
  class space    used 9337K, capacity 9940K, committed 10240K, reserved 1048576K
}
Event: 1066.074 GC heap before
{Heap before GC invocations=392 (full 41):
 PSYoungGen      total 278016K, used 277734K [0x00000000e0000000, 0x00000000ffb00000, 0x0000000100000000)
  eden space 175104K, 100% used [0x00000000e0000000,0x00000000eab00000,0x00000000eab00000)
  from space 102912K, 99% used [0x00000000eab00000,0x00000000f0f39ac0,0x00000000f0f80000)
  to   space 172032K, 0% used [0x00000000f5300000,0x00000000f5300000,0x00000000ffb00000)
 ParOldGen       total 1048576K, used 919873K [0x00000000a0000000, 0x00000000e0000000, 0x00000000e0000000)
  object space 1048576K, 87% used [0x00000000a0000000,0x00000000d82505c0,0x00000000e0000000)
 Metaspace       used 71882K, capacity 74970K, committed 75520K, reserved 1114112K
  class space    used 9337K, capacity 9940K, committed 10240K, reserved 1048576K
Event: 1066.210 GC heap after
Heap after GC invocations=392 (full 41):
 PSYoungGen      total 344576K, used 128522K [0x00000000e0000000, 0x0000000100000000, 0x0000000100000000)
  eden space 172544K, 0% used [0x00000000e0000000,0x00000000e0000000,0x00000000ea880000)
  from space 172032K, 74% used [0x00000000f5300000,0x00000000fd082b58,0x00000000ffb00000)
  to   space 174592K, 0% used [0x00000000ea880000,0x00000000ea880000,0x00000000f5300000)
 ParOldGen       total 1048576K, used 919873K [0x00000000a0000000, 0x00000000e0000000, 0x00000000e0000000)
  object space 1048576K, 87% used [0x00000000a0000000,0x00000000d82505c0,0x00000000e0000000)
 Metaspace       used 71882K, capacity 74970K, committed 75520K, reserved 1114112K
  class space    used 9337K, capacity 9940K, committed 10240K, reserved 1048576K
}
Event: 1066.359 GC heap before
{Heap before GC invocations=393 (full 41):
 PSYoungGen      total 344576K, used 301066K [0x00000000e0000000, 0x0000000100000000, 0x0000000100000000)
  eden space 172544K, 100% used [0x00000000e0000000,0x00000000ea880000,0x00000000ea880000)
  from space 172032K, 74% used [0x00000000f5300000,0x00000000fd082b58,0x00000000ffb00000)
  to   space 174592K, 0% used [0x00000000ea880000,0x00000000ea880000,0x00000000f5300000)
 ParOldGen       total 1048576K, used 919874K [0x00000000a0000000, 0x00000000e0000000, 0x00000000e0000000)
  object space 1048576K, 87% used [0x00000000a0000000,0x00000000d8250aa0,0x00000000e0000000)
 Metaspace       used 71882K, capacity 74970K, committed 75520K, reserved 1114112K
  class space    used 9337K, capacity 9940K, committed 10240K, reserved 1048576K
Event: 1066.516 GC heap after
Heap after GC invocations=393 (full 41):
 PSYoungGen      total 347136K, used 104418K [0x00000000e0000000, 0x0000000100000000, 0x0000000100000000)
  eden space 172544K, 0% used [0x00000000e0000000,0x00000000e0000000,0x00000000ea880000)
  from space 174592K, 59% used [0x00000000ea880000,0x00000000f0e78810,0x00000000f5300000)
  to   space 174592K, 0% used [0x00000000f5580000,0x00000000f5580000,0x0000000100000000)
 ParOldGen       total 1048576K, used 967315K [0x00000000a0000000, 0x00000000e0000000, 0x00000000e0000000)
  object space 1048576K, 92% used [0x00000000a0000000,0x00000000db0a4df0,0x00000000e0000000)
 Metaspace       used 71882K, capacity 74970K, committed 75520K, reserved 1114112K
  class space    used 9337K, capacity 9940K, committed 10240K, reserved 1048576K
}
Event: 1066.516 GC heap before
{Heap before GC invocations=394 (full 42):
 PSYoungGen      total 347136K, used 104418K [0x00000000e0000000, 0x0000000100000000, 0x0000000100000000)
  eden space 172544K, 0% used [0x00000000e0000000,0x00000000e0000000,0x00000000ea880000)
  from space 174592K, 59% used [0x00000000ea880000,0x00000000f0e78810,0x00000000f5300000)
  to   space 174592K, 0% used [0x00000000f5580000,0x00000000f5580000,0x0000000100000000)
 ParOldGen       total 1048576K, used 967315K [0x00000000a0000000, 0x00000000e0000000, 0x00000000e0000000)
  object space 1048576K, 92% used [0x00000000a0000000,0x00000000db0a4df0,0x00000000e0000000)
 Metaspace       used 71882K, capacity 74970K, committed 75520K, reserved 1114112K
  class space    used 9337K, capacity 9940K, committed 10240K, reserved 1048576K
Event: 1071.590 GC heap after
Heap after GC invocations=394 (full 42):
 PSYoungGen      total 347136K, used 0K [0x00000000e0000000, 0x0000000100000000, 0x0000000100000000)
  eden space 172544K, 0% used [0x00000000e0000000,0x00000000e0000000,0x00000000ea880000)
  from space 174592K, 0% used [0x00000000ea880000,0x00000000ea880000,0x00000000f5300000)
  to   space 174592K, 0% used [0x00000000f5580000,0x00000000f5580000,0x0000000100000000)
 ParOldGen       total 1048576K, used 1016913K [0x00000000a0000000, 0x00000000e0000000, 0x00000000e0000000)
  object space 1048576K, 96% used [0x00000000a0000000,0x00000000de114678,0x00000000e0000000)
 Metaspace       used 71882K, capacity 74970K, committed 75520K, reserved 1114112K
  class space    used 9337K, capacity 9940K, committed 10240K, reserved 1048576K
}
Event: 1071.746 GC heap before
{Heap before GC invocations=395 (full 43):
 PSYoungGen      total 347136K, used 172544K [0x00000000e0000000, 0x0000000100000000, 0x0000000100000000)
  eden space 172544K, 100% used [0x00000000e0000000,0x00000000ea880000,0x00000000ea880000)
  from space 174592K, 0% used [0x00000000ea880000,0x00000000ea880000,0x00000000f5300000)
  to   space 174592K, 0% used [0x00000000f5580000,0x00000000f5580000,0x0000000100000000)
 ParOldGen       total 1048576K, used 1016915K [0x00000000a0000000, 0x00000000e0000000, 0x00000000e0000000)
  object space 1048576K, 96% used [0x00000000a0000000,0x00000000de114cb8,0x00000000e0000000)
 Metaspace       used 71882K, capacity 74970K, committed 75520K, reserved 1114112K
  class space    used 9337K, capacity 9940K, committed 10240K, reserved 1048576K

