# JRE version: Java(TM) SE Runtime Environment (8.0_91-b15) (build 1.8.0_91-b15)
# Java VM: Java HotSpot(TM) 64-Bit Server VM (25.91-b15 mixed mode windows-amd64 compressed oops)
Heap:
 PSYoungGen      total 292864K, used 149020K [0x00000000e0000000, 0x00000000f9100000, 0x0000000100000000)
  eden space 188416K, 75% used [0x00000000e0000000,0x00000000e8b13280,0x00000000eb800000)
  from space 104448K, 6% used [0x00000000f2b00000,0x00000000f3174010,0x00000000f9100000)
  to   space 111104K, 0% used [0x00000000eb800000,0x00000000eb800000,0x00000000f2480000)
 ParOldGen       total 1048576K, used 80905K [0x00000000a0000000, 0x00000000e0000000, 0x00000000e0000000)
  object space 1048576K, 7% used [0x00000000a0000000,0x00000000a4f02508,0x00000000e0000000)
 Metaspace       used 80229K, capacity 85710K, committed 87936K, reserved 1126400K
  class space    used 10234K, capacity 10959K, committed 11648K, reserved 1048576K
GC Heap History (10 events):
Event: 5693.913 GC heap before
{Heap before GC invocations=591 (full 76):
 PSYoungGen      total 314368K, used 190400K [0x00000000e0000000, 0x00000000fbf80000, 0x0000000100000000)
  eden space 184832K, 100% used [0x00000000e0000000,0x00000000eb480000,0x00000000eb480000)
  from space 129536K, 4% used [0x00000000f4100000,0x00000000f4670020,0x00000000fbf80000)
  to   space 136704K, 0% used [0x00000000eb480000,0x00000000eb480000,0x00000000f3a00000)
 ParOldGen       total 1048576K, used 80587K [0x00000000a0000000, 0x00000000e0000000, 0x00000000e0000000)
  object space 1048576K, 7% used [0x00000000a0000000,0x00000000a4eb2df8,0x00000000e0000000)
 Metaspace       used 80161K, capacity 85494K, committed 87680K, reserved 1126400K
  class space    used 10225K, capacity 10951K, committed 11648K, reserved 1048576K
Event: 5693.923 GC heap after
Heap after GC invocations=591 (full 76):
 PSYoungGen      total 193024K, used 7936K [0x00000000e0000000, 0x00000000fb480000, 0x0000000100000000)
  eden space 184832K, 0% used [0x00000000e0000000,0x00000000e0000000,0x00000000eb480000)
  from space 8192K, 96% used [0x00000000eb480000,0x00000000ebc40020,0x00000000ebc80000)
  to   space 130048K, 0% used [0x00000000f3580000,0x00000000f3580000,0x00000000fb480000)
 ParOldGen       total 1048576K, used 80587K [0x00000000a0000000, 0x00000000e0000000, 0x00000000e0000000)
  object space 1048576K, 7% used [0x00000000a0000000,0x00000000a4eb2df8,0x00000000e0000000)
 Metaspace       used 80161K, capacity 85494K, committed 87680K, reserved 1126400K
  class space    used 10225K, capacity 10951K, committed 11648K, reserved 1048576K
}
Event: 5696.477 GC heap before
{Heap before GC invocations=592 (full 76):
 PSYoungGen      total 193024K, used 161529K [0x00000000e0000000, 0x00000000fb480000, 0x0000000100000000)
  eden space 184832K, 83% used [0x00000000e0000000,0x00000000e95fe448,0x00000000eb480000)
  from space 8192K, 96% used [0x00000000eb480000,0x00000000ebc40020,0x00000000ebc80000)
  to   space 130048K, 0% used [0x00000000f3580000,0x00000000f3580000,0x00000000fb480000)
 ParOldGen       total 1048576K, used 80587K [0x00000000a0000000, 0x00000000e0000000, 0x00000000e0000000)
  object space 1048576K, 7% used [0x00000000a0000000,0x00000000a4eb2df8,0x00000000e0000000)
 Metaspace       used 80165K, capacity 85558K, committed 87936K, reserved 1126400K
  class space    used 10225K, capacity 10951K, committed 11648K, reserved 1048576K
Event: 5696.482 GC heap after
Heap after GC invocations=592 (full 76):
 PSYoungGen      total 305664K, used 608K [0x00000000e0000000, 0x00000000fa980000, 0x0000000100000000)
  eden space 186880K, 0% used [0x00000000e0000000,0x00000000e0000000,0x00000000eb680000)
  from space 118784K, 0% used [0x00000000f3580000,0x00000000f3618000,0x00000000fa980000)
  to   space 124416K, 0% used [0x00000000eb680000,0x00000000eb680000,0x00000000f3000000)
 ParOldGen       total 1048576K, used 80587K [0x00000000a0000000, 0x00000000e0000000, 0x00000000e0000000)
  object space 1048576K, 7% used [0x00000000a0000000,0x00000000a4eb2df8,0x00000000e0000000)
 Metaspace       used 80165K, capacity 85558K, committed 87936K, reserved 1126400K
  class space    used 10225K, capacity 10951K, committed 11648K, reserved 1048576K
}
Event: 5696.482 GC heap before
{Heap before GC invocations=593 (full 77):
 PSYoungGen      total 305664K, used 608K [0x00000000e0000000, 0x00000000fa980000, 0x0000000100000000)
  eden space 186880K, 0% used [0x00000000e0000000,0x00000000e0000000,0x00000000eb680000)
  from space 118784K, 0% used [0x00000000f3580000,0x00000000f3618000,0x00000000fa980000)
  to   space 124416K, 0% used [0x00000000eb680000,0x00000000eb680000,0x00000000f3000000)
 ParOldGen       total 1048576K, used 80587K [0x00000000a0000000, 0x00000000e0000000, 0x00000000e0000000)
  object space 1048576K, 7% used [0x00000000a0000000,0x00000000a4eb2df8,0x00000000e0000000)
 Metaspace       used 80165K, capacity 85558K, committed 87936K, reserved 1126400K
  class space    used 10225K, capacity 10951K, committed 11648K, reserved 1048576K
Event: 5696.680 GC heap after
Heap after GC invocations=593 (full 77):
 PSYoungGen      total 305664K, used 0K [0x00000000e0000000, 0x00000000fa980000, 0x0000000100000000)
  eden space 186880K, 0% used [0x00000000e0000000,0x00000000e0000000,0x00000000eb680000)
  from space 118784K, 0% used [0x00000000f3580000,0x00000000f3580000,0x00000000fa980000)
  to   space 124416K, 0% used [0x00000000eb680000,0x00000000eb680000,0x00000000f3000000)
 ParOldGen       total 1048576K, used 80897K [0x00000000a0000000, 0x00000000e0000000, 0x00000000e0000000)
  object space 1048576K, 7% used [0x00000000a0000000,0x00000000a4f00508,0x00000000e0000000)
 Metaspace       used 80165K, capacity 85558K, committed 87936K, reserved 1126400K
  class space    used 10225K, capacity 10951K, committed 11648K, reserved 1048576K
}
Event: 5866.042 GC heap before
{Heap before GC invocations=594 (full 77):
 PSYoungGen      total 305664K, used 186880K [0x00000000e0000000, 0x00000000fa980000, 0x0000000100000000)
  eden space 186880K, 100% used [0x00000000e0000000,0x00000000eb680000,0x00000000eb680000)
  from space 118784K, 0% used [0x00000000f3580000,0x00000000f3580000,0x00000000fa980000)
  to   space 124416K, 0% used [0x00000000eb680000,0x00000000eb680000,0x00000000f3000000)
 ParOldGen       total 1048576K, used 80897K [0x00000000a0000000, 0x00000000e0000000, 0x00000000e0000000)
  object space 1048576K, 7% used [0x00000000a0000000,0x00000000a4f00508,0x00000000e0000000)
 Metaspace       used 80218K, capacity 85646K, committed 87936K, reserved 1126400K
  class space    used 10234K, capacity 10959K, committed 11648K, reserved 1048576K
Event: 5866.053 GC heap after
Heap after GC invocations=594 (full 77):
 PSYoungGen      total 192512K, used 5536K [0x00000000e0000000, 0x00000000f9e00000, 0x0000000100000000)
  eden space 186880K, 0% used [0x00000000e0000000,0x00000000e0000000,0x00000000eb680000)
  from space 5632K, 98% used [0x00000000eb680000,0x00000000ebbe8000,0x00000000ebc00000)
  to   space 117760K, 0% used [0x00000000f2b00000,0x00000000f2b00000,0x00000000f9e00000)
 ParOldGen       total 1048576K, used 80905K [0x00000000a0000000, 0x00000000e0000000, 0x00000000e0000000)
  object space 1048576K, 7% used [0x00000000a0000000,0x00000000a4f02508,0x00000000e0000000)
 Metaspace       used 80218K, capacity 85646K, committed 87936K, reserved 1126400K
  class space    used 10234K, capacity 10959K, committed 11648K, reserved 1048576K
}
Event: 5866.434 GC heap before
{Heap before GC invocations=595 (full 77):
 PSYoungGen      total 192512K, used 192416K [0x00000000e0000000, 0x00000000f9e00000, 0x0000000100000000)
  eden space 186880K, 100% used [0x00000000e0000000,0x00000000eb680000,0x00000000eb680000)
  from space 5632K, 98% used [0x00000000eb680000,0x00000000ebbe8000,0x00000000ebc00000)
  to   space 117760K, 0% used [0x00000000f2b00000,0x00000000f2b00000,0x00000000f9e00000)
 ParOldGen       total 1048576K, used 80905K [0x00000000a0000000, 0x00000000e0000000, 0x00000000e0000000)
  object space 1048576K, 7% used [0x00000000a0000000,0x00000000a4f02508,0x00000000e0000000)
 Metaspace       used 80219K, capacity 85646K, committed 87936K, reserved 1126400K
  class space    used 10234K, capacity 10959K, committed 11648K, reserved 1048576K
Event: 5866.447 GC heap after
Heap after GC invocations=595 (full 77):
 PSYoungGen      total 292864K, used 6608K [0x00000000e0000000, 0x00000000f9100000, 0x0000000100000000)
  eden space 188416K, 0% used [0x00000000e0000000,0x00000000e0000000,0x00000000eb800000)
  from space 104448K, 6% used [0x00000000f2b00000,0x00000000f3174010,0x00000000f9100000)
  to   space 111104K, 0% used [0x00000000eb800000,0x00000000eb800000,0x00000000f2480000)
 ParOldGen       total 1048576K, used 80905K [0x00000000a0000000, 0x00000000e0000000, 0x00000000e0000000)
  object space 1048576K, 7% used [0x00000000a0000000,0x00000000a4f02508,0x00000000e0000000)
 Metaspace       used 80219K, capacity 85646K, committed 87936K, reserved 1126400K
  class space    used 10234K, capacity 10959K, committed 11648K, reserved 1048576K
}

