# JRE version: Java(TM) SE Runtime Environment (8.0_91-b15) (build 1.8.0_91-b15)
# Java VM: Java HotSpot(TM) 64-Bit Server VM (25.91-b15 mixed mode windows-amd64 compressed oops)
Heap:
 PSYoungGen      total 376320K, used 33779K [0x00000000e0000000, 0x0000000100000000, 0x0000000100000000)
  eden space 228352K, 0% used [0x00000000e0000000,0x00000000e0000000,0x00000000edf00000)
  from space 147968K, 22% used [0x00000000edf00000,0x00000000efffcfd0,0x00000000f6f80000)
  to   space 143360K, 0% used [0x00000000f7400000,0x00000000f7400000,0x0000000100000000)
 ParOldGen       total 495104K, used 472086K [0x00000000a0000000, 0x00000000be380000, 0x00000000e0000000)
  object space 495104K, 95% used [0x00000000a0000000,0x00000000bcd05810,0x00000000be380000)
 Metaspace       used 77869K, capacity 81002K, committed 81280K, reserved 1120256K
  class space    used 10389K, capacity 11097K, committed 11136K, reserved 1048576K
GC Heap History (10 events):
Event: 311.151 GC heap after
Heap after GC invocations=33 (full 6):
 PSYoungGen      total 398848K, used 61532K [0x00000000e0000000, 0x0000000100000000, 0x0000000100000000)
  eden space 287744K, 0% used [0x00000000e0000000,0x00000000e0000000,0x00000000f1900000)
  from space 111104K, 55% used [0x00000000f1900000,0x00000000f5517240,0x00000000f8580000)
  to   space 111616K, 0% used [0x00000000f9300000,0x00000000f9300000,0x0000000100000000)
 ParOldGen       total 495104K, used 288634K [0x00000000a0000000, 0x00000000be380000, 0x00000000e0000000)
  object space 495104K, 58% used [0x00000000a0000000,0x00000000b19debc0,0x00000000be380000)
 Metaspace       used 77858K, capacity 81002K, committed 81280K, reserved 1120256K
  class space    used 10388K, capacity 11097K, committed 11136K, reserved 1048576K
}
Event: 311.912 GC heap before
{Heap before GC invocations=34 (full 6):
 PSYoungGen      total 398848K, used 349276K [0x00000000e0000000, 0x0000000100000000, 0x0000000100000000)
  eden space 287744K, 100% used [0x00000000e0000000,0x00000000f1900000,0x00000000f1900000)
  from space 111104K, 55% used [0x00000000f1900000,0x00000000f5517240,0x00000000f8580000)
  to   space 111616K, 0% used [0x00000000f9300000,0x00000000f9300000,0x0000000100000000)
 ParOldGen       total 495104K, used 288634K [0x00000000a0000000, 0x00000000be380000, 0x00000000e0000000)
  object space 495104K, 58% used [0x00000000a0000000,0x00000000b19debc0,0x00000000be380000)
 Metaspace       used 77864K, capacity 81002K, committed 81280K, reserved 1120256K
  class space    used 10388K, capacity 11097K, committed 11136K, reserved 1048576K
Event: 312.028 GC heap after
Heap after GC invocations=34 (full 6):
 PSYoungGen      total 378880K, used 106221K [0x00000000e0000000, 0x0000000100000000, 0x0000000100000000)
  eden space 267264K, 0% used [0x00000000e0000000,0x00000000e0000000,0x00000000f0500000)
  from space 111616K, 95% used [0x00000000f9300000,0x00000000ffabb440,0x0000000100000000)
  to   space 128512K, 0% used [0x00000000f0500000,0x00000000f0500000,0x00000000f8280000)
 ParOldGen       total 495104K, used 288634K [0x00000000a0000000, 0x00000000be380000, 0x00000000e0000000)
  object space 495104K, 58% used [0x00000000a0000000,0x00000000b19debc0,0x00000000be380000)
 Metaspace       used 77864K, capacity 81002K, committed 81280K, reserved 1120256K
  class space    used 10388K, capacity 11097K, committed 11136K, reserved 1048576K
}
Event: 312.649 GC heap before
{Heap before GC invocations=35 (full 6):
 PSYoungGen      total 378880K, used 373485K [0x00000000e0000000, 0x0000000100000000, 0x0000000100000000)
  eden space 267264K, 100% used [0x00000000e0000000,0x00000000f0500000,0x00000000f0500000)
  from space 111616K, 95% used [0x00000000f9300000,0x00000000ffabb440,0x0000000100000000)
  to   space 128512K, 0% used [0x00000000f0500000,0x00000000f0500000,0x00000000f8280000)
 ParOldGen       total 495104K, used 288634K [0x00000000a0000000, 0x00000000be380000, 0x00000000e0000000)
  object space 495104K, 58% used [0x00000000a0000000,0x00000000b19debc0,0x00000000be380000)
 Metaspace       used 77865K, capacity 81002K, committed 81280K, reserved 1120256K
  class space    used 10388K, capacity 11097K, committed 11136K, reserved 1048576K
Event: 312.797 GC heap after
Heap after GC invocations=35 (full 6):
 PSYoungGen      total 391680K, used 124202K [0x00000000e0000000, 0x0000000100000000, 0x0000000100000000)
  eden space 267264K, 0% used [0x00000000e0000000,0x00000000e0000000,0x00000000f0500000)
  from space 124416K, 99% used [0x00000000f0500000,0x00000000f7e4abe0,0x00000000f7e80000)
  to   space 132608K, 0% used [0x00000000f7e80000,0x00000000f7e80000,0x0000000100000000)
 ParOldGen       total 495104K, used 309267K [0x00000000a0000000, 0x00000000be380000, 0x00000000e0000000)
  object space 495104K, 62% used [0x00000000a0000000,0x00000000b2e04e88,0x00000000be380000)
 Metaspace       used 77865K, capacity 81002K, committed 81280K, reserved 1120256K
  class space    used 10388K, capacity 11097K, committed 11136K, reserved 1048576K
}
Event: 313.396 GC heap before
{Heap before GC invocations=36 (full 6):
 PSYoungGen      total 391680K, used 391466K [0x00000000e0000000, 0x0000000100000000, 0x0000000100000000)
  eden space 267264K, 100% used [0x00000000e0000000,0x00000000f0500000,0x00000000f0500000)
  from space 124416K, 99% used [0x00000000f0500000,0x00000000f7e4abe0,0x00000000f7e80000)
  to   space 132608K, 0% used [0x00000000f7e80000,0x00000000f7e80000,0x0000000100000000)
 ParOldGen       total 495104K, used 309267K [0x00000000a0000000, 0x00000000be380000, 0x00000000e0000000)
  object space 495104K, 62% used [0x00000000a0000000,0x00000000b2e04e88,0x00000000be380000)
 Metaspace       used 77869K, capacity 81002K, committed 81280K, reserved 1120256K
  class space    used 10389K, capacity 11097K, committed 11136K, reserved 1048576K
Event: 313.567 GC heap after
Heap after GC invocations=36 (full 6):
 PSYoungGen      total 360960K, used 80683K [0x00000000e0000000, 0x0000000100000000, 0x0000000100000000)
  eden space 228352K, 0% used [0x00000000e0000000,0x00000000e0000000,0x00000000edf00000)
  from space 132608K, 60% used [0x00000000f7e80000,0x00000000fcd4af58,0x0000000100000000)
  to   space 147968K, 0% used [0x00000000edf00000,0x00000000edf00000,0x00000000f6f80000)
 ParOldGen       total 495104K, used 393179K [0x00000000a0000000, 0x00000000be380000, 0x00000000e0000000)
  object space 495104K, 79% used [0x00000000a0000000,0x00000000b7ff6e00,0x00000000be380000)
 Metaspace       used 77869K, capacity 81002K, committed 81280K, reserved 1120256K
  class space    used 10389K, capacity 11097K, committed 11136K, reserved 1048576K
}
Event: 314.026 GC heap before
{Heap before GC invocations=37 (full 6):
 PSYoungGen      total 360960K, used 309035K [0x00000000e0000000, 0x0000000100000000, 0x0000000100000000)
  eden space 228352K, 100% used [0x00000000e0000000,0x00000000edf00000,0x00000000edf00000)
  from space 132608K, 60% used [0x00000000f7e80000,0x00000000fcd4af58,0x0000000100000000)
  to   space 147968K, 0% used [0x00000000edf00000,0x00000000edf00000,0x00000000f6f80000)
 ParOldGen       total 495104K, used 393179K [0x00000000a0000000, 0x00000000be380000, 0x00000000e0000000)
  object space 495104K, 79% used [0x00000000a0000000,0x00000000b7ff6e00,0x00000000be380000)
 Metaspace       used 77869K, capacity 81002K, committed 81280K, reserved 1120256K
  class space    used 10389K, capacity 11097K, committed 11136K, reserved 1048576K
Event: 314.158 GC heap after
Heap after GC invocations=37 (full 6):
 PSYoungGen      total 376320K, used 33779K [0x00000000e0000000, 0x0000000100000000, 0x0000000100000000)
  eden space 228352K, 0% used [0x00000000e0000000,0x00000000e0000000,0x00000000edf00000)
  from space 147968K, 22% used [0x00000000edf00000,0x00000000efffcfd0,0x00000000f6f80000)
  to   space 143360K, 0% used [0x00000000f7400000,0x00000000f7400000,0x0000000100000000)
 ParOldGen       total 495104K, used 472086K [0x00000000a0000000, 0x00000000be380000, 0x00000000e0000000)
  object space 495104K, 95% used [0x00000000a0000000,0x00000000bcd05810,0x00000000be380000)
 Metaspace       used 77869K, capacity 81002K, committed 81280K, reserved 1120256K
  class space    used 10389K, capacity 11097K, committed 11136K, reserved 1048576K
}
Event: 314.158 GC heap before
{Heap before GC invocations=38 (full 7):
 PSYoungGen      total 376320K, used 33779K [0x00000000e0000000, 0x0000000100000000, 0x0000000100000000)
  eden space 228352K, 0% used [0x00000000e0000000,0x00000000e0000000,0x00000000edf00000)
  from space 147968K, 22% used [0x00000000edf00000,0x00000000efffcfd0,0x00000000f6f80000)
  to   space 143360K, 0% used [0x00000000f7400000,0x00000000f7400000,0x0000000100000000)
 ParOldGen       total 495104K, used 472086K [0x00000000a0000000, 0x00000000be380000, 0x00000000e0000000)
  object space 495104K, 95% used [0x00000000a0000000,0x00000000bcd05810,0x00000000be380000)
 Metaspace       used 77869K, capacity 81002K, committed 81280K, reserved 1120256K
  class space    used 10389K, capacity 11097K, committed 11136K, reserved 1048576K

