# JRE version: Java(TM) SE Runtime Environment (8.0_91-b15) (build 1.8.0_91-b15)
# Java VM: Java HotSpot(TM) 64-Bit Server VM (25.91-b15 mixed mode windows-amd64 compressed oops)
Heap:
 PSYoungGen      total 349696K, used 175104K [0x00000000e0000000, 0x0000000100000000, 0x0000000100000000)
  eden space 175104K, 100% used [0x00000000e0000000,0x00000000eab00000,0x00000000eab00000)
  from space 174592K, 0% used [0x00000000f5580000,0x00000000f5580000,0x0000000100000000)
  to   space 174592K, 0% used [0x00000000eab00000,0x00000000eab00000,0x00000000f5580000)
 ParOldGen       total 1048576K, used 1048575K [0x00000000a0000000, 0x00000000e0000000, 0x00000000e0000000)
  object space 1048576K, 99% used [0x00000000a0000000,0x00000000dffffff8,0x00000000e0000000)
 Metaspace       used 84302K, capacity 88694K, committed 88960K, reserved 1126400K
  class space    used 11032K, capacity 11794K, committed 11904K, reserved 1048576K
GC Heap History (10 events):
Event: 5735.657 GC heap after
Heap after GC invocations=369 (full 50):
 PSYoungGen      total 349696K, used 107238K [0x00000000e0000000, 0x0000000100000000, 0x0000000100000000)
  eden space 175104K, 0% used [0x00000000e0000000,0x00000000e0000000,0x00000000eab00000)
  from space 174592K, 61% used [0x00000000eab00000,0x00000000f13b99d0,0x00000000f5580000)
  to   space 174592K, 0% used [0x00000000f5580000,0x00000000f5580000,0x0000000100000000)
 ParOldGen       total 1048576K, used 953974K [0x00000000a0000000, 0x00000000e0000000, 0x00000000e0000000)
  object space 1048576K, 90% used [0x00000000a0000000,0x00000000da39da20,0x00000000e0000000)
 Metaspace       used 84328K, capacity 88742K, committed 88960K, reserved 1126400K
  class space    used 11039K, capacity 11806K, committed 11904K, reserved 1048576K
}
Event: 5735.815 GC heap before
{Heap before GC invocations=370 (full 50):
 PSYoungGen      total 349696K, used 282342K [0x00000000e0000000, 0x0000000100000000, 0x0000000100000000)
  eden space 175104K, 100% used [0x00000000e0000000,0x00000000eab00000,0x00000000eab00000)
  from space 174592K, 61% used [0x00000000eab00000,0x00000000f13b99d0,0x00000000f5580000)
  to   space 174592K, 0% used [0x00000000f5580000,0x00000000f5580000,0x0000000100000000)
 ParOldGen       total 1048576K, used 953974K [0x00000000a0000000, 0x00000000e0000000, 0x00000000e0000000)
  object space 1048576K, 90% used [0x00000000a0000000,0x00000000da39da20,0x00000000e0000000)
 Metaspace       used 84328K, capacity 88742K, committed 88960K, reserved 1126400K
  class space    used 11039K, capacity 11806K, committed 11904K, reserved 1048576K
Event: 5735.952 GC heap after
Heap after GC invocations=370 (full 50):
 PSYoungGen      total 349696K, used 78760K [0x00000000e0000000, 0x0000000100000000, 0x0000000100000000)
  eden space 175104K, 0% used [0x00000000e0000000,0x00000000e0000000,0x00000000eab00000)
  from space 174592K, 45% used [0x00000000f5580000,0x00000000fa26a2c8,0x0000000100000000)
  to   space 174592K, 0% used [0x00000000eab00000,0x00000000eab00000,0x00000000f5580000)
 ParOldGen       total 1048576K, used 1006900K [0x00000000a0000000, 0x00000000e0000000, 0x00000000e0000000)
  object space 1048576K, 96% used [0x00000000a0000000,0x00000000dd74d048,0x00000000e0000000)
 Metaspace       used 84328K, capacity 88742K, committed 88960K, reserved 1126400K
  class space    used 11039K, capacity 11806K, committed 11904K, reserved 1048576K
}
Event: 5735.952 GC heap before
{Heap before GC invocations=371 (full 51):
 PSYoungGen      total 349696K, used 78760K [0x00000000e0000000, 0x0000000100000000, 0x0000000100000000)
  eden space 175104K, 0% used [0x00000000e0000000,0x00000000e0000000,0x00000000eab00000)
  from space 174592K, 45% used [0x00000000f5580000,0x00000000fa26a2c8,0x0000000100000000)
  to   space 174592K, 0% used [0x00000000eab00000,0x00000000eab00000,0x00000000f5580000)
 ParOldGen       total 1048576K, used 1006900K [0x00000000a0000000, 0x00000000e0000000, 0x00000000e0000000)
  object space 1048576K, 96% used [0x00000000a0000000,0x00000000dd74d048,0x00000000e0000000)
 Metaspace       used 84328K, capacity 88742K, committed 88960K, reserved 1126400K
  class space    used 11039K, capacity 11806K, committed 11904K, reserved 1048576K
Event: 5742.733 GC heap after
Heap after GC invocations=371 (full 51):
 PSYoungGen      total 349696K, used 0K [0x00000000e0000000, 0x0000000100000000, 0x0000000100000000)
  eden space 175104K, 0% used [0x00000000e0000000,0x00000000e0000000,0x00000000eab00000)
  from space 174592K, 0% used [0x00000000f5580000,0x00000000f5580000,0x0000000100000000)
  to   space 174592K, 0% used [0x00000000eab00000,0x00000000eab00000,0x00000000f5580000)
 ParOldGen       total 1048576K, used 1028263K [0x00000000a0000000, 0x00000000e0000000, 0x00000000e0000000)
  object space 1048576K, 98% used [0x00000000a0000000,0x00000000dec29e80,0x00000000e0000000)
 Metaspace       used 84328K, capacity 88742K, committed 88960K, reserved 1126400K
  class space    used 11039K, capacity 11806K, committed 11904K, reserved 1048576K
}
Event: 5742.882 GC heap before
{Heap before GC invocations=372 (full 52):
 PSYoungGen      total 349696K, used 175104K [0x00000000e0000000, 0x0000000100000000, 0x0000000100000000)
  eden space 175104K, 100% used [0x00000000e0000000,0x00000000eab00000,0x00000000eab00000)
  from space 174592K, 0% used [0x00000000f5580000,0x00000000f5580000,0x0000000100000000)
  to   space 174592K, 0% used [0x00000000eab00000,0x00000000eab00000,0x00000000f5580000)
 ParOldGen       total 1048576K, used 1028263K [0x00000000a0000000, 0x00000000e0000000, 0x00000000e0000000)
  object space 1048576K, 98% used [0x00000000a0000000,0x00000000dec29e80,0x00000000e0000000)
 Metaspace       used 84328K, capacity 88742K, committed 88960K, reserved 1126400K
  class space    used 11039K, capacity 11806K, committed 11904K, reserved 1048576K
Event: 5746.102 GC heap after
Heap after GC invocations=372 (full 52):
 PSYoungGen      total 349696K, used 5560K [0x00000000e0000000, 0x0000000100000000, 0x0000000100000000)
  eden space 175104K, 3% used [0x00000000e0000000,0x00000000e056e3f8,0x00000000eab00000)
  from space 174592K, 0% used [0x00000000f5580000,0x00000000f5580000,0x0000000100000000)
  to   space 174592K, 0% used [0x00000000eab00000,0x00000000eab00000,0x00000000f5580000)
 ParOldGen       total 1048576K, used 1048545K [0x00000000a0000000, 0x00000000e0000000, 0x00000000e0000000)
  object space 1048576K, 99% used [0x00000000a0000000,0x00000000dfff85a0,0x00000000e0000000)
 Metaspace       used 84302K, capacity 88694K, committed 88960K, reserved 1126400K
  class space    used 11032K, capacity 11794K, committed 11904K, reserved 1048576K
}
Event: 5746.295 GC heap before
{Heap before GC invocations=373 (full 53):
 PSYoungGen      total 349696K, used 175104K [0x00000000e0000000, 0x0000000100000000, 0x0000000100000000)
  eden space 175104K, 100% used [0x00000000e0000000,0x00000000eab00000,0x00000000eab00000)
  from space 174592K, 0% used [0x00000000f5580000,0x00000000f5580000,0x0000000100000000)
  to   space 174592K, 0% used [0x00000000eab00000,0x00000000eab00000,0x00000000f5580000)
 ParOldGen       total 1048576K, used 1048545K [0x00000000a0000000, 0x00000000e0000000, 0x00000000e0000000)
  object space 1048576K, 99% used [0x00000000a0000000,0x00000000dfff85a0,0x00000000e0000000)
 Metaspace       used 84302K, capacity 88694K, committed 88960K, reserved 1126400K
  class space    used 11032K, capacity 11794K, committed 11904K, reserved 1048576K
Event: 5750.803 GC heap after
Heap after GC invocations=373 (full 53):
 PSYoungGen      total 349696K, used 27079K [0x00000000e0000000, 0x0000000100000000, 0x0000000100000000)
  eden space 175104K, 15% used [0x00000000e0000000,0x00000000e1a71e28,0x00000000eab00000)
  from space 174592K, 0% used [0x00000000f5580000,0x00000000f5580000,0x0000000100000000)
  to   space 174592K, 0% used [0x00000000eab00000,0x00000000eab00000,0x00000000f5580000)
 ParOldGen       total 1048576K, used 1048392K [0x00000000a0000000, 0x00000000e0000000, 0x00000000e0000000)
  object space 1048576K, 99% used [0x00000000a0000000,0x00000000dffd23e0,0x00000000e0000000)
 Metaspace       used 84302K, capacity 88694K, committed 88960K, reserved 1126400K
  class space    used 11032K, capacity 11794K, committed 11904K, reserved 1048576K
}
Event: 5750.946 GC heap before
{Heap before GC invocations=374 (full 54):
 PSYoungGen      total 349696K, used 175104K [0x00000000e0000000, 0x0000000100000000, 0x0000000100000000)
  eden space 175104K, 100% used [0x00000000e0000000,0x00000000eab00000,0x00000000eab00000)
  from space 174592K, 0% used [0x00000000f5580000,0x00000000f5580000,0x0000000100000000)
  to   space 174592K, 0% used [0x00000000eab00000,0x00000000eab00000,0x00000000f5580000)
 ParOldGen       total 1048576K, used 1048575K [0x00000000a0000000, 0x00000000e0000000, 0x00000000e0000000)
  object space 1048576K, 99% used [0x00000000a0000000,0x00000000dffffff8,0x00000000e0000000)
 Metaspace       used 84302K, capacity 88694K, committed 88960K, reserved 1126400K
  class space    used 11032K, capacity 11794K, committed 11904K, reserved 1048576K

