# JRE version: Java(TM) SE Runtime Environment (8.0_91-b15) (build 1.8.0_91-b15)
# Java VM: Java HotSpot(TM) 64-Bit Server VM (25.91-b15 mixed mode windows-amd64 compressed oops)
Heap:
 PSYoungGen      total 349696K, used 175104K [0x00000000e0000000, 0x0000000100000000, 0x0000000100000000)
  eden space 175104K, 100% used [0x00000000e0000000,0x00000000eab00000,0x00000000eab00000)
  from space 174592K, 0% used [0x00000000eab00000,0x00000000eab00000,0x00000000f5580000)
  to   space 174592K, 0% used [0x00000000f5580000,0x00000000f5580000,0x0000000100000000)
 ParOldGen       total 1048576K, used 1048502K [0x00000000a0000000, 0x00000000e0000000, 0x00000000e0000000)
  object space 1048576K, 99% used [0x00000000a0000000,0x00000000dffed880,0x00000000e0000000)
 Metaspace       used 83411K, capacity 89100K, committed 92672K, reserved 1130496K
  class space    used 10598K, capacity 11344K, committed 12288K, reserved 1048576K
GC Heap History (10 events):
Event: 7149.813 GC heap after
Heap after GC invocations=644 (full 68):
 PSYoungGen      total 349696K, used 51098K [0x00000000e0000000, 0x0000000100000000, 0x0000000100000000)
  eden space 175104K, 0% used [0x00000000e0000000,0x00000000e0000000,0x00000000eab00000)
  from space 174592K, 29% used [0x00000000eab00000,0x00000000edce6900,0x00000000f5580000)
  to   space 174592K, 0% used [0x00000000f5580000,0x00000000f5580000,0x0000000100000000)
 ParOldGen       total 1048576K, used 996567K [0x00000000a0000000, 0x00000000e0000000, 0x00000000e0000000)
  object space 1048576K, 95% used [0x00000000a0000000,0x00000000dcd35d70,0x00000000e0000000)
 Metaspace       used 85108K, capacity 91506K, committed 92672K, reserved 1130496K
  class space    used 10927K, capacity 11829K, committed 12288K, reserved 1048576K
}
Event: 7149.813 GC heap before
{Heap before GC invocations=645 (full 69):
 PSYoungGen      total 349696K, used 51098K [0x00000000e0000000, 0x0000000100000000, 0x0000000100000000)
  eden space 175104K, 0% used [0x00000000e0000000,0x00000000e0000000,0x00000000eab00000)
  from space 174592K, 29% used [0x00000000eab00000,0x00000000edce6900,0x00000000f5580000)
  to   space 174592K, 0% used [0x00000000f5580000,0x00000000f5580000,0x0000000100000000)
 ParOldGen       total 1048576K, used 996567K [0x00000000a0000000, 0x00000000e0000000, 0x00000000e0000000)
  object space 1048576K, 95% used [0x00000000a0000000,0x00000000dcd35d70,0x00000000e0000000)
 Metaspace       used 85108K, capacity 91506K, committed 92672K, reserved 1130496K
  class space    used 10927K, capacity 11829K, committed 12288K, reserved 1048576K
Event: 7155.542 GC heap after
Heap after GC invocations=645 (full 69):
 PSYoungGen      total 349696K, used 0K [0x00000000e0000000, 0x0000000100000000, 0x0000000100000000)
  eden space 175104K, 0% used [0x00000000e0000000,0x00000000e0000000,0x00000000eab00000)
  from space 174592K, 0% used [0x00000000eab00000,0x00000000eab00000,0x00000000f5580000)
  to   space 174592K, 0% used [0x00000000f5580000,0x00000000f5580000,0x0000000100000000)
 ParOldGen       total 1048576K, used 1022545K [0x00000000a0000000, 0x00000000e0000000, 0x00000000e0000000)
  object space 1048576K, 97% used [0x00000000a0000000,0x00000000de694730,0x00000000e0000000)
 Metaspace       used 83411K, capacity 89100K, committed 92672K, reserved 1130496K
  class space    used 10598K, capacity 11344K, committed 12288K, reserved 1048576K
}
Event: 7155.702 GC heap before
{Heap before GC invocations=646 (full 70):
 PSYoungGen      total 349696K, used 175104K [0x00000000e0000000, 0x0000000100000000, 0x0000000100000000)
  eden space 175104K, 100% used [0x00000000e0000000,0x00000000eab00000,0x00000000eab00000)
  from space 174592K, 0% used [0x00000000eab00000,0x00000000eab00000,0x00000000f5580000)
  to   space 174592K, 0% used [0x00000000f5580000,0x00000000f5580000,0x0000000100000000)
 ParOldGen       total 1048576K, used 1022545K [0x00000000a0000000, 0x00000000e0000000, 0x00000000e0000000)
  object space 1048576K, 97% used [0x00000000a0000000,0x00000000de694730,0x00000000e0000000)
 Metaspace       used 83411K, capacity 89100K, committed 92672K, reserved 1130496K
  class space    used 10598K, capacity 11344K, committed 12288K, reserved 1048576K
Event: 7159.960 GC heap after
Heap after GC invocations=646 (full 70):
 PSYoungGen      total 349696K, used 573K [0x00000000e0000000, 0x0000000100000000, 0x0000000100000000)
  eden space 175104K, 0% used [0x00000000e0000000,0x00000000e008f608,0x00000000eab00000)
  from space 174592K, 0% used [0x00000000eab00000,0x00000000eab00000,0x00000000f5580000)
  to   space 174592K, 0% used [0x00000000f5580000,0x00000000f5580000,0x0000000100000000)
 ParOldGen       total 1048576K, used 1048519K [0x00000000a0000000, 0x00000000e0000000, 0x00000000e0000000)
  object space 1048576K, 99% used [0x00000000a0000000,0x00000000dfff1e30,0x00000000e0000000)
 Metaspace       used 83411K, capacity 89100K, committed 92672K, reserved 1130496K
  class space    used 10598K, capacity 11344K, committed 12288K, reserved 1048576K
}
Event: 7160.161 GC heap before
{Heap before GC invocations=647 (full 71):
 PSYoungGen      total 349696K, used 175104K [0x00000000e0000000, 0x0000000100000000, 0x0000000100000000)
  eden space 175104K, 100% used [0x00000000e0000000,0x00000000eab00000,0x00000000eab00000)
  from space 174592K, 0% used [0x00000000eab00000,0x00000000eab00000,0x00000000f5580000)
  to   space 174592K, 0% used [0x00000000f5580000,0x00000000f5580000,0x0000000100000000)
 ParOldGen       total 1048576K, used 1048519K [0x00000000a0000000, 0x00000000e0000000, 0x00000000e0000000)
  object space 1048576K, 99% used [0x00000000a0000000,0x00000000dfff1e30,0x00000000e0000000)
 Metaspace       used 83411K, capacity 89100K, committed 92672K, reserved 1130496K
  class space    used 10598K, capacity 11344K, committed 12288K, reserved 1048576K
Event: 7164.740 GC heap after
Heap after GC invocations=647 (full 71):
 PSYoungGen      total 349696K, used 22939K [0x00000000e0000000, 0x0000000100000000, 0x0000000100000000)
  eden space 175104K, 13% used [0x00000000e0000000,0x00000000e1666f28,0x00000000eab00000)
  from space 174592K, 0% used [0x00000000eab00000,0x00000000eab00000,0x00000000f5580000)
  to   space 174592K, 0% used [0x00000000f5580000,0x00000000f5580000,0x0000000100000000)
 ParOldGen       total 1048576K, used 1048532K [0x00000000a0000000, 0x00000000e0000000, 0x00000000e0000000)
  object space 1048576K, 99% used [0x00000000a0000000,0x00000000dfff5370,0x00000000e0000000)
 Metaspace       used 83411K, capacity 89100K, committed 92672K, reserved 1130496K
  class space    used 10598K, capacity 11344K, committed 12288K, reserved 1048576K
}
Event: 7164.880 GC heap before
{Heap before GC invocations=648 (full 72):
 PSYoungGen      total 349696K, used 175104K [0x00000000e0000000, 0x0000000100000000, 0x0000000100000000)
  eden space 175104K, 100% used [0x00000000e0000000,0x00000000eab00000,0x00000000eab00000)
  from space 174592K, 0% used [0x00000000eab00000,0x00000000eab00000,0x00000000f5580000)
  to   space 174592K, 0% used [0x00000000f5580000,0x00000000f5580000,0x0000000100000000)
 ParOldGen       total 1048576K, used 1048532K [0x00000000a0000000, 0x00000000e0000000, 0x00000000e0000000)
  object space 1048576K, 99% used [0x00000000a0000000,0x00000000dfff5370,0x00000000e0000000)
 Metaspace       used 83411K, capacity 89100K, committed 92672K, reserved 1130496K
  class space    used 10598K, capacity 11344K, committed 12288K, reserved 1048576K
Event: 7169.070 GC heap after
Heap after GC invocations=648 (full 72):
 PSYoungGen      total 349696K, used 44322K [0x00000000e0000000, 0x0000000100000000, 0x0000000100000000)
  eden space 175104K, 25% used [0x00000000e0000000,0x00000000e2b48808,0x00000000eab00000)
  from space 174592K, 0% used [0x00000000eab00000,0x00000000eab00000,0x00000000f5580000)
  to   space 174592K, 0% used [0x00000000f5580000,0x00000000f5580000,0x0000000100000000)
 ParOldGen       total 1048576K, used 1048502K [0x00000000a0000000, 0x00000000e0000000, 0x00000000e0000000)
  object space 1048576K, 99% used [0x00000000a0000000,0x00000000dffed880,0x00000000e0000000)
 Metaspace       used 83411K, capacity 89100K, committed 92672K, reserved 1130496K
  class space    used 10598K, capacity 11344K, committed 12288K, reserved 1048576K
}
Event: 7169.202 GC heap before
{Heap before GC invocations=649 (full 73):
 PSYoungGen      total 349696K, used 175104K [0x00000000e0000000, 0x0000000100000000, 0x0000000100000000)
  eden space 175104K, 100% used [0x00000000e0000000,0x00000000eab00000,0x00000000eab00000)
  from space 174592K, 0% used [0x00000000eab00000,0x00000000eab00000,0x00000000f5580000)
  to   space 174592K, 0% used [0x00000000f5580000,0x00000000f5580000,0x0000000100000000)
 ParOldGen       total 1048576K, used 1048502K [0x00000000a0000000, 0x00000000e0000000, 0x00000000e0000000)
  object space 1048576K, 99% used [0x00000000a0000000,0x00000000dffed880,0x00000000e0000000)
 Metaspace       used 83411K, capacity 89100K, committed 92672K, reserved 1130496K
  class space    used 10598K, capacity 11344K, committed 12288K, reserved 1048576K

