# JRE version: Java(TM) SE Runtime Environment (8.0_91-b15) (build 1.8.0_91-b15)
# Java VM: Java HotSpot(TM) 64-Bit Server VM (25.91-b15 mixed mode windows-amd64 compressed oops)
Heap:
 PSYoungGen      total 900608K, used 289166K [0x000000076ab00000, 0x00000007c0000000, 0x00000007c0000000)
  eden space 611328K, 0% used [0x000000076ab00000,0x000000076ab00000,0x0000000790000000)
  from space 289280K, 99% used [0x0000000790000000,0x00000007a1a63978,0x00000007a1a80000)
  to   space 421888K, 0% used [0x00000007a6400000,0x00000007a6400000,0x00000007c0000000)
 ParOldGen       total 837120K, used 823985K [0x00000006c0000000, 0x00000006f3180000, 0x000000076ab00000)
  object space 837120K, 98% used [0x00000006c0000000,0x00000006f24ac660,0x00000006f3180000)
 Metaspace       used 6892K, capacity 7448K, committed 7680K, reserved 1056768K
  class space    used 642K, capacity 656K, committed 768K, reserved 1048576K
GC Heap History (10 events):
Event: 28.352 GC heap after
Heap after GC invocations=19 (full 4):
 PSYoungGen      total 867840K, used 208583K [0x000000076ab00000, 0x00000007b7100000, 0x00000007c0000000)
  eden space 624640K, 0% used [0x000000076ab00000,0x000000076ab00000,0x0000000790d00000)
  from space 243200K, 85% used [0x0000000790d00000,0x000000079d8b1e18,0x000000079fa80000)
  to   space 272896K, 0% used [0x00000007a6680000,0x00000007a6680000,0x00000007b7100000)
 ParOldGen       total 837120K, used 675569K [0x00000006c0000000, 0x00000006f3180000, 0x000000076ab00000)
  object space 837120K, 80% used [0x00000006c0000000,0x00000006e93bc548,0x00000006f3180000)
 Metaspace       used 6756K, capacity 7384K, committed 7680K, reserved 1056768K
  class space    used 635K, capacity 656K, committed 768K, reserved 1048576K
}
Event: 30.292 GC heap before
{Heap before GC invocations=20 (full 4):
 PSYoungGen      total 867840K, used 833223K [0x000000076ab00000, 0x00000007b7100000, 0x00000007c0000000)
  eden space 624640K, 100% used [0x000000076ab00000,0x0000000790d00000,0x0000000790d00000)
  from space 243200K, 85% used [0x0000000790d00000,0x000000079d8b1e18,0x000000079fa80000)
  to   space 272896K, 0% used [0x00000007a6680000,0x00000007a6680000,0x00000007b7100000)
 ParOldGen       total 837120K, used 675569K [0x00000006c0000000, 0x00000006f3180000, 0x000000076ab00000)
  object space 837120K, 80% used [0x00000006c0000000,0x00000006e93bc548,0x00000006f3180000)
 Metaspace       used 6756K, capacity 7384K, committed 7680K, reserved 1056768K
  class space    used 635K, capacity 656K, committed 768K, reserved 1048576K
Event: 30.534 GC heap after
Heap after GC invocations=20 (full 4):
 PSYoungGen      total 948736K, used 225478K [0x000000076ab00000, 0x00000007bad00000, 0x00000007c0000000)
  eden space 675840K, 0% used [0x000000076ab00000,0x000000076ab00000,0x0000000793f00000)
  from space 272896K, 82% used [0x00000007a6680000,0x00000007b42b1bf0,0x00000007b7100000)
  to   space 302592K, 0% used [0x0000000793f00000,0x0000000793f00000,0x00000007a6680000)
 ParOldGen       total 837120K, used 675569K [0x00000006c0000000, 0x00000006f3180000, 0x000000076ab00000)
  object space 837120K, 80% used [0x00000006c0000000,0x00000006e93bc548,0x00000006f3180000)
 Metaspace       used 6756K, capacity 7384K, committed 7680K, reserved 1056768K
  class space    used 635K, capacity 656K, committed 768K, reserved 1048576K
}
Event: 32.332 GC heap before
{Heap before GC invocations=21 (full 4):
 PSYoungGen      total 948736K, used 901318K [0x000000076ab00000, 0x00000007bad00000, 0x00000007c0000000)
  eden space 675840K, 100% used [0x000000076ab00000,0x0000000793f00000,0x0000000793f00000)
  from space 272896K, 82% used [0x00000007a6680000,0x00000007b42b1bf0,0x00000007b7100000)
  to   space 302592K, 0% used [0x0000000793f00000,0x0000000793f00000,0x00000007a6680000)
 ParOldGen       total 837120K, used 675569K [0x00000006c0000000, 0x00000006f3180000, 0x000000076ab00000)
  object space 837120K, 80% used [0x00000006c0000000,0x00000006e93bc548,0x00000006f3180000)
 Metaspace       used 6758K, capacity 7384K, committed 7680K, reserved 1056768K
  class space    used 635K, capacity 656K, committed 768K, reserved 1048576K
Event: 32.614 GC heap after
Heap after GC invocations=21 (full 4):
 PSYoungGen      total 978432K, used 240685K [0x000000076ab00000, 0x00000007c0000000, 0x00000007c0000000)
  eden space 675840K, 0% used [0x000000076ab00000,0x000000076ab00000,0x0000000793f00000)
  from space 302592K, 79% used [0x0000000793f00000,0x00000007a2a0b438,0x00000007a6680000)
  to   space 331776K, 0% used [0x00000007abc00000,0x00000007abc00000,0x00000007c0000000)
 ParOldGen       total 837120K, used 675569K [0x00000006c0000000, 0x00000006f3180000, 0x000000076ab00000)
  object space 837120K, 80% used [0x00000006c0000000,0x00000006e93bc548,0x00000006f3180000)
 Metaspace       used 6758K, capacity 7384K, committed 7680K, reserved 1056768K
  class space    used 635K, capacity 656K, committed 768K, reserved 1048576K
}
Event: 34.151 GC heap before
{Heap before GC invocations=22 (full 4):
 PSYoungGen      total 978432K, used 916525K [0x000000076ab00000, 0x00000007c0000000, 0x00000007c0000000)
  eden space 675840K, 100% used [0x000000076ab00000,0x0000000793f00000,0x0000000793f00000)
  from space 302592K, 79% used [0x0000000793f00000,0x00000007a2a0b438,0x00000007a6680000)
  to   space 331776K, 0% used [0x00000007abc00000,0x00000007abc00000,0x00000007c0000000)
 ParOldGen       total 837120K, used 675569K [0x00000006c0000000, 0x00000006f3180000, 0x000000076ab00000)
  object space 837120K, 80% used [0x00000006c0000000,0x00000006e93bc548,0x00000006f3180000)
 Metaspace       used 6843K, capacity 7384K, committed 7680K, reserved 1056768K
  class space    used 640K, capacity 656K, committed 768K, reserved 1048576K
Event: 34.602 GC heap after
Heap after GC invocations=22 (full 4):
 PSYoungGen      total 943104K, used 331765K [0x000000076ab00000, 0x00000007c0000000, 0x00000007c0000000)
  eden space 611328K, 0% used [0x000000076ab00000,0x000000076ab00000,0x0000000790000000)
  from space 331776K, 99% used [0x00000007abc00000,0x00000007bfffd670,0x00000007c0000000)
  to   space 393216K, 0% used [0x0000000790000000,0x0000000790000000,0x00000007a8000000)
 ParOldGen       total 837120K, used 689726K [0x00000006c0000000, 0x00000006f3180000, 0x000000076ab00000)
  object space 837120K, 82% used [0x00000006c0000000,0x00000006ea18f888,0x00000006f3180000)
 Metaspace       used 6843K, capacity 7384K, committed 7680K, reserved 1056768K
  class space    used 640K, capacity 656K, committed 768K, reserved 1048576K
}
Event: 36.187 GC heap before
{Heap before GC invocations=23 (full 4):
 PSYoungGen      total 943104K, used 943093K [0x000000076ab00000, 0x00000007c0000000, 0x00000007c0000000)
  eden space 611328K, 100% used [0x000000076ab00000,0x0000000790000000,0x0000000790000000)
  from space 331776K, 99% used [0x00000007abc00000,0x00000007bfffd670,0x00000007c0000000)
  to   space 393216K, 0% used [0x0000000790000000,0x0000000790000000,0x00000007a8000000)
 ParOldGen       total 837120K, used 689726K [0x00000006c0000000, 0x00000006f3180000, 0x000000076ab00000)
  object space 837120K, 82% used [0x00000006c0000000,0x00000006ea18f888,0x00000006f3180000)
 Metaspace       used 6892K, capacity 7448K, committed 7680K, reserved 1056768K
  class space    used 642K, capacity 656K, committed 768K, reserved 1048576K
Event: 36.619 GC heap after
Heap after GC invocations=23 (full 4):
 PSYoungGen      total 900608K, used 289166K [0x000000076ab00000, 0x00000007c0000000, 0x00000007c0000000)
  eden space 611328K, 0% used [0x000000076ab00000,0x000000076ab00000,0x0000000790000000)
  from space 289280K, 99% used [0x0000000790000000,0x00000007a1a63978,0x00000007a1a80000)
  to   space 421888K, 0% used [0x00000007a6400000,0x00000007a6400000,0x00000007c0000000)
 ParOldGen       total 837120K, used 823985K [0x00000006c0000000, 0x00000006f3180000, 0x000000076ab00000)
  object space 837120K, 98% used [0x00000006c0000000,0x00000006f24ac660,0x00000006f3180000)
 Metaspace       used 6892K, capacity 7448K, committed 7680K, reserved 1056768K
  class space    used 642K, capacity 656K, committed 768K, reserved 1048576K
}
Event: 36.620 GC heap before
{Heap before GC invocations=24 (full 5):
 PSYoungGen      total 900608K, used 289166K [0x000000076ab00000, 0x00000007c0000000, 0x00000007c0000000)
  eden space 611328K, 0% used [0x000000076ab00000,0x000000076ab00000,0x0000000790000000)
  from space 289280K, 99% used [0x0000000790000000,0x00000007a1a63978,0x00000007a1a80000)
  to   space 421888K, 0% used [0x00000007a6400000,0x00000007a6400000,0x00000007c0000000)
 ParOldGen       total 837120K, used 823985K [0x00000006c0000000, 0x00000006f3180000, 0x000000076ab00000)
  object space 837120K, 98% used [0x00000006c0000000,0x00000006f24ac660,0x00000006f3180000)
 Metaspace       used 6892K, capacity 7448K, committed 7680K, reserved 1056768K
  class space    used 642K, capacity 656K, committed 768K, reserved 1048576K

