# JRE version: Java(TM) SE Runtime Environment (8.0_91-b15) (build 1.8.0_91-b15)
# Java VM: Java HotSpot(TM) 64-Bit Server VM (25.91-b15 mixed mode windows-amd64 compressed oops)
Heap:
 PSYoungGen      total 494592K, used 225127K [0x000000076ab00000, 0x0000000791880000, 0x00000007c0000000)
  eden space 422400K, 42% used [0x000000076ab00000,0x0000000775987480,0x0000000784780000)
  from space 72192K, 64% used [0x000000078a300000,0x000000078d052788,0x000000078e980000)
  to   space 93696K, 0% used [0x0000000784780000,0x0000000784780000,0x000000078a300000)
 ParOldGen       total 304640K, used 168326K [0x00000006c0000000, 0x00000006d2980000, 0x000000076ab00000)
  object space 304640K, 55% used [0x00000006c0000000,0x00000006ca4619f8,0x00000006d2980000)
 Metaspace       used 6696K, capacity 7320K, committed 7680K, reserved 1056768K
  class space    used 631K, capacity 656K, committed 768K, reserved 1048576K
GC Heap History (10 events):
Event: 6.061 GC heap before
{Heap before GC invocations=10 (full 0):
 PSYoungGen      total 281088K, used 281074K [0x000000076ab00000, 0x0000000788e80000, 0x00000007c0000000)
  eden space 247808K, 100% used [0x000000076ab00000,0x0000000779d00000,0x0000000779d00000)
  from space 33280K, 99% used [0x0000000779d00000,0x000000077bd7cb98,0x000000077bd80000)
  to   space 49152K, 0% used [0x0000000785e80000,0x0000000785e80000,0x0000000788e80000)
 ParOldGen       total 87552K, used 60869K [0x00000006c0000000, 0x00000006c5580000, 0x000000076ab00000)
  object space 87552K, 69% used [0x00000006c0000000,0x00000006c3b71740,0x00000006c5580000)
 Metaspace       used 6666K, capacity 7320K, committed 7680K, reserved 1056768K
  class space    used 630K, capacity 656K, committed 768K, reserved 1048576K
Event: 6.198 GC heap after
Heap after GC invocations=10 (full 0):
 PSYoungGen      total 430080K, used 49134K [0x000000076ab00000, 0x000000078ad80000, 0x00000007c0000000)
  eden space 380928K, 0% used [0x000000076ab00000,0x000000076ab00000,0x0000000781f00000)
  from space 49152K, 99% used [0x0000000785e80000,0x0000000788e7b9c8,0x0000000788e80000)
  to   space 65024K, 0% used [0x0000000781f00000,0x0000000781f00000,0x0000000785e80000)
 ParOldGen       total 87552K, used 80799K [0x00000006c0000000, 0x00000006c5580000, 0x000000076ab00000)
  object space 87552K, 92% used [0x00000006c0000000,0x00000006c4ee7dd0,0x00000006c5580000)
 Metaspace       used 6666K, capacity 7320K, committed 7680K, reserved 1056768K
  class space    used 630K, capacity 656K, committed 768K, reserved 1048576K
}
Event: 6.198 GC heap before
{Heap before GC invocations=11 (full 1):
 PSYoungGen      total 430080K, used 49134K [0x000000076ab00000, 0x000000078ad80000, 0x00000007c0000000)
  eden space 380928K, 0% used [0x000000076ab00000,0x000000076ab00000,0x0000000781f00000)
  from space 49152K, 99% used [0x0000000785e80000,0x0000000788e7b9c8,0x0000000788e80000)
  to   space 65024K, 0% used [0x0000000781f00000,0x0000000781f00000,0x0000000785e80000)
 ParOldGen       total 87552K, used 80799K [0x00000006c0000000, 0x00000006c5580000, 0x000000076ab00000)
  object space 87552K, 92% used [0x00000006c0000000,0x00000006c4ee7dd0,0x00000006c5580000)
 Metaspace       used 6666K, capacity 7320K, committed 7680K, reserved 1056768K
  class space    used 630K, capacity 656K, committed 768K, reserved 1048576K
Event: 8.176 GC heap after
Heap after GC invocations=11 (full 1):
 PSYoungGen      total 430080K, used 38241K [0x000000076ab00000, 0x000000078ad80000, 0x00000007c0000000)
  eden space 380928K, 0% used [0x000000076ab00000,0x000000076ab00000,0x0000000781f00000)
  from space 49152K, 77% used [0x0000000785e80000,0x00000007883d8560,0x0000000788e80000)
  to   space 65024K, 0% used [0x0000000781f00000,0x0000000781f00000,0x0000000785e80000)
 ParOldGen       total 168448K, used 87298K [0x00000006c0000000, 0x00000006ca480000, 0x000000076ab00000)
  object space 168448K, 51% used [0x00000006c0000000,0x00000006c5540bd0,0x00000006ca480000)
 Metaspace       used 6666K, capacity 7320K, committed 7680K, reserved 1056768K
  class space    used 630K, capacity 656K, committed 768K, reserved 1048576K
}
Event: 9.954 GC heap before
{Heap before GC invocations=12 (full 1):
 PSYoungGen      total 430080K, used 419169K [0x000000076ab00000, 0x000000078ad80000, 0x00000007c0000000)
  eden space 380928K, 100% used [0x000000076ab00000,0x0000000781f00000,0x0000000781f00000)
  from space 49152K, 77% used [0x0000000785e80000,0x00000007883d8560,0x0000000788e80000)
  to   space 65024K, 0% used [0x0000000781f00000,0x0000000781f00000,0x0000000785e80000)
 ParOldGen       total 168448K, used 87298K [0x00000006c0000000, 0x00000006ca480000, 0x000000076ab00000)
  object space 168448K, 51% used [0x00000006c0000000,0x00000006c5540bd0,0x00000006ca480000)
 Metaspace       used 6684K, capacity 7320K, committed 7680K, reserved 1056768K
  class space    used 630K, capacity 656K, committed 768K, reserved 1048576K
Event: 10.142 GC heap after
Heap after GC invocations=12 (full 1):
 PSYoungGen      total 445952K, used 53077K [0x000000076ab00000, 0x000000078e980000, 0x00000007c0000000)
  eden space 380928K, 0% used [0x000000076ab00000,0x000000076ab00000,0x0000000781f00000)
  from space 65024K, 81% used [0x0000000781f00000,0x00000007852d55a0,0x0000000785e80000)
  to   space 72192K, 0% used [0x000000078a300000,0x000000078a300000,0x000000078e980000)
 ParOldGen       total 168448K, used 125323K [0x00000006c0000000, 0x00000006ca480000, 0x000000076ab00000)
  object space 168448K, 74% used [0x00000006c0000000,0x00000006c7a62e20,0x00000006ca480000)
 Metaspace       used 6684K, capacity 7320K, committed 7680K, reserved 1056768K
  class space    used 630K, capacity 656K, committed 768K, reserved 1048576K
}
Event: 11.293 GC heap before
{Heap before GC invocations=13 (full 1):
 PSYoungGen      total 445952K, used 434005K [0x000000076ab00000, 0x000000078e980000, 0x00000007c0000000)
  eden space 380928K, 100% used [0x000000076ab00000,0x0000000781f00000,0x0000000781f00000)
  from space 65024K, 81% used [0x0000000781f00000,0x00000007852d55a0,0x0000000785e80000)
  to   space 72192K, 0% used [0x000000078a300000,0x000000078a300000,0x000000078e980000)
 ParOldGen       total 168448K, used 125323K [0x00000006c0000000, 0x00000006ca480000, 0x000000076ab00000)
  object space 168448K, 74% used [0x00000006c0000000,0x00000006c7a62e20,0x00000006ca480000)
 Metaspace       used 6692K, capacity 7320K, committed 7680K, reserved 1056768K
  class space    used 631K, capacity 656K, committed 768K, reserved 1048576K
Event: 11.470 GC heap after
Heap after GC invocations=13 (full 1):
 PSYoungGen      total 494592K, used 72160K [0x000000076ab00000, 0x0000000791880000, 0x00000007c0000000)
  eden space 422400K, 0% used [0x000000076ab00000,0x000000076ab00000,0x0000000784780000)
  from space 72192K, 99% used [0x000000078a300000,0x000000078e9783c8,0x000000078e980000)
  to   space 93696K, 0% used [0x0000000784780000,0x0000000784780000,0x000000078a300000)
 ParOldGen       total 168448K, used 149254K [0x00000006c0000000, 0x00000006ca480000, 0x000000076ab00000)
  object space 168448K, 88% used [0x00000006c0000000,0x00000006c91c1b60,0x00000006ca480000)
 Metaspace       used 6692K, capacity 7320K, committed 7680K, reserved 1056768K
  class space    used 631K, capacity 656K, committed 768K, reserved 1048576K
}
Event: 11.470 GC heap before
{Heap before GC invocations=14 (full 2):
 PSYoungGen      total 494592K, used 72160K [0x000000076ab00000, 0x0000000791880000, 0x00000007c0000000)
  eden space 422400K, 0% used [0x000000076ab00000,0x000000076ab00000,0x0000000784780000)
  from space 72192K, 99% used [0x000000078a300000,0x000000078e9783c8,0x000000078e980000)
  to   space 93696K, 0% used [0x0000000784780000,0x0000000784780000,0x000000078a300000)
 ParOldGen       total 168448K, used 149254K [0x00000006c0000000, 0x00000006ca480000, 0x000000076ab00000)
  object space 168448K, 88% used [0x00000006c0000000,0x00000006c91c1b60,0x00000006ca480000)
 Metaspace       used 6692K, capacity 7320K, committed 7680K, reserved 1056768K
  class space    used 631K, capacity 656K, committed 768K, reserved 1048576K
Event: 13.565 GC heap after
Heap after GC invocations=14 (full 2):
 PSYoungGen      total 494592K, used 46409K [0x000000076ab00000, 0x0000000791880000, 0x00000007c0000000)
  eden space 422400K, 0% used [0x000000076ab00000,0x000000076ab00000,0x0000000784780000)
  from space 72192K, 64% used [0x000000078a300000,0x000000078d052788,0x000000078e980000)
  to   space 93696K, 0% used [0x0000000784780000,0x0000000784780000,0x000000078a300000)
 ParOldGen       total 304640K, used 168326K [0x00000006c0000000, 0x00000006d2980000, 0x000000076ab00000)
  object space 304640K, 55% used [0x00000006c0000000,0x00000006ca4619f8,0x00000006d2980000)
 Metaspace       used 6692K, capacity 7320K, committed 7680K, reserved 1056768K
  class space    used 631K, capacity 656K, committed 768K, reserved 1048576K
}

