# JRE version: Java(TM) SE Runtime Environment (8.0_91-b15) (build 1.8.0_91-b15)
# Java VM: Java HotSpot(TM) 64-Bit Server VM (25.91-b15 mixed mode windows-amd64 compressed oops)
Heap:
 PSYoungGen      total 970752K, used 970735K [0x000000076ab00000, 0x00000007be780000, 0x00000007c0000000)
  eden space 718848K, 100% used [0x000000076ab00000,0x0000000796900000,0x0000000796900000)
  from space 251904K, 99% used [0x00000007a8c00000,0x00000007b81fbd00,0x00000007b8200000)
  to   space 297984K, 84% used [0x0000000796900000,0x00000007a5dd2ef8,0x00000007a8c00000)
 ParOldGen       total 1053184K, used 682688K [0x00000006c0000000, 0x0000000700480000, 0x000000076ab00000)
  object space 1053184K, 64% used [0x00000006c0000000,0x00000006e9ab0140,0x0000000700480000)
 Metaspace       used 6878K, capacity 7448K, committed 7680K, reserved 1056768K
  class space    used 642K, capacity 656K, committed 768K, reserved 1048576K
GC Heap History (10 events):
Event: 28.678 GC heap after
Heap after GC invocations=19 (full 4):
 PSYoungGen      total 911872K, used 78422K [0x000000076ab00000, 0x00000007b5600000, 0x00000007c0000000)
  eden space 649216K, 0% used [0x000000076ab00000,0x000000076ab00000,0x0000000792500000)
  from space 262656K, 29% used [0x0000000792500000,0x00000007971958c8,0x00000007a2580000)
  to   space 247808K, 0% used [0x00000007a6400000,0x00000007a6400000,0x00000007b5600000)
 ParOldGen       total 822784K, used 677587K [0x00000006c0000000, 0x00000006f2380000, 0x000000076ab00000)
  object space 822784K, 82% used [0x00000006c0000000,0x00000006e95b4f30,0x00000006f2380000)
 Metaspace       used 6766K, capacity 7384K, committed 7680K, reserved 1056768K
  class space    used 636K, capacity 656K, committed 768K, reserved 1048576K
}
Event: 28.678 GC heap before
{Heap before GC invocations=20 (full 5):
 PSYoungGen      total 911872K, used 78422K [0x000000076ab00000, 0x00000007b5600000, 0x00000007c0000000)
  eden space 649216K, 0% used [0x000000076ab00000,0x000000076ab00000,0x0000000792500000)
  from space 262656K, 29% used [0x0000000792500000,0x00000007971958c8,0x00000007a2580000)
  to   space 247808K, 0% used [0x00000007a6400000,0x00000007a6400000,0x00000007b5600000)
 ParOldGen       total 822784K, used 677587K [0x00000006c0000000, 0x00000006f2380000, 0x000000076ab00000)
  object space 822784K, 82% used [0x00000006c0000000,0x00000006e95b4f30,0x00000006f2380000)
 Metaspace       used 6766K, capacity 7384K, committed 7680K, reserved 1056768K
  class space    used 636K, capacity 656K, committed 768K, reserved 1048576K
Event: 30.788 GC heap after
Heap after GC invocations=20 (full 5):
 PSYoungGen      total 911872K, used 0K [0x000000076ab00000, 0x00000007b5600000, 0x00000007c0000000)
  eden space 649216K, 0% used [0x000000076ab00000,0x000000076ab00000,0x0000000792500000)
  from space 262656K, 0% used [0x0000000792500000,0x0000000792500000,0x00000007a2580000)
  to   space 247808K, 0% used [0x00000007a6400000,0x00000007a6400000,0x00000007b5600000)
 ParOldGen       total 1053184K, used 631920K [0x00000006c0000000, 0x0000000700480000, 0x000000076ab00000)
  object space 1053184K, 60% used [0x00000006c0000000,0x00000006e691c318,0x0000000700480000)
 Metaspace       used 6766K, capacity 7384K, committed 7680K, reserved 1056768K
  class space    used 636K, capacity 656K, committed 768K, reserved 1048576K
}
Event: 32.713 GC heap before
{Heap before GC invocations=21 (full 5):
 PSYoungGen      total 911872K, used 649216K [0x000000076ab00000, 0x00000007b5600000, 0x00000007c0000000)
  eden space 649216K, 100% used [0x000000076ab00000,0x0000000792500000,0x0000000792500000)
  from space 262656K, 0% used [0x0000000792500000,0x0000000792500000,0x00000007a2580000)
  to   space 247808K, 0% used [0x00000007a6400000,0x00000007a6400000,0x00000007b5600000)
 ParOldGen       total 1053184K, used 631920K [0x00000006c0000000, 0x0000000700480000, 0x000000076ab00000)
  object space 1053184K, 60% used [0x00000006c0000000,0x00000006e691c318,0x0000000700480000)
 Metaspace       used 6767K, capacity 7384K, committed 7680K, reserved 1056768K
  class space    used 636K, capacity 656K, committed 768K, reserved 1048576K
Event: 32.812 GC heap after
Heap after GC invocations=21 (full 5):
 PSYoungGen      total 930816K, used 122204K [0x000000076ab00000, 0x00000007b3c80000, 0x00000007c0000000)
  eden space 709120K, 0% used [0x000000076ab00000,0x000000076ab00000,0x0000000795f80000)
  from space 221696K, 55% used [0x00000007a6400000,0x00000007adb572b0,0x00000007b3c80000)
  to   space 244224K, 0% used [0x0000000795f80000,0x0000000795f80000,0x00000007a4e00000)
 ParOldGen       total 1053184K, used 631920K [0x00000006c0000000, 0x0000000700480000, 0x000000076ab00000)
  object space 1053184K, 60% used [0x00000006c0000000,0x00000006e691c318,0x0000000700480000)
 Metaspace       used 6767K, capacity 7384K, committed 7680K, reserved 1056768K
  class space    used 636K, capacity 656K, committed 768K, reserved 1048576K
}
Event: 33.967 GC heap before
{Heap before GC invocations=22 (full 5):
 PSYoungGen      total 930816K, used 831324K [0x000000076ab00000, 0x00000007b3c80000, 0x00000007c0000000)
  eden space 709120K, 100% used [0x000000076ab00000,0x0000000795f80000,0x0000000795f80000)
  from space 221696K, 55% used [0x00000007a6400000,0x00000007adb572b0,0x00000007b3c80000)
  to   space 244224K, 0% used [0x0000000795f80000,0x0000000795f80000,0x00000007a4e00000)
 ParOldGen       total 1053184K, used 631920K [0x00000006c0000000, 0x0000000700480000, 0x000000076ab00000)
  object space 1053184K, 60% used [0x00000006c0000000,0x00000006e691c318,0x0000000700480000)
 Metaspace       used 6769K, capacity 7384K, committed 7680K, reserved 1056768K
  class space    used 636K, capacity 656K, committed 768K, reserved 1048576K
Event: 34.203 GC heap after
Heap after GC invocations=22 (full 5):
 PSYoungGen      total 953344K, used 155144K [0x000000076ab00000, 0x00000007b8200000, 0x00000007c0000000)
  eden space 709120K, 0% used [0x000000076ab00000,0x000000076ab00000,0x0000000795f80000)
  from space 244224K, 63% used [0x0000000795f80000,0x000000079f702060,0x00000007a4e00000)
  to   space 251904K, 0% used [0x00000007a8c00000,0x00000007a8c00000,0x00000007b8200000)
 ParOldGen       total 1053184K, used 631920K [0x00000006c0000000, 0x0000000700480000, 0x000000076ab00000)
  object space 1053184K, 60% used [0x00000006c0000000,0x00000006e691c318,0x0000000700480000)
 Metaspace       used 6769K, capacity 7384K, committed 7680K, reserved 1056768K
  class space    used 636K, capacity 656K, committed 768K, reserved 1048576K
}
Event: 35.637 GC heap before
{Heap before GC invocations=23 (full 5):
 PSYoungGen      total 953344K, used 864264K [0x000000076ab00000, 0x00000007b8200000, 0x00000007c0000000)
  eden space 709120K, 100% used [0x000000076ab00000,0x0000000795f80000,0x0000000795f80000)
  from space 244224K, 63% used [0x0000000795f80000,0x000000079f702060,0x00000007a4e00000)
  to   space 251904K, 0% used [0x00000007a8c00000,0x00000007a8c00000,0x00000007b8200000)
 ParOldGen       total 1053184K, used 631920K [0x00000006c0000000, 0x0000000700480000, 0x000000076ab00000)
  object space 1053184K, 60% used [0x00000006c0000000,0x00000006e691c318,0x0000000700480000)
 Metaspace       used 6841K, capacity 7384K, committed 7680K, reserved 1056768K
  class space    used 640K, capacity 656K, committed 768K, reserved 1048576K
Event: 35.993 GC heap after
Heap after GC invocations=23 (full 5):
 PSYoungGen      total 970752K, used 251887K [0x000000076ab00000, 0x00000007be780000, 0x00000007c0000000)
  eden space 718848K, 0% used [0x000000076ab00000,0x000000076ab00000,0x0000000796900000)
  from space 251904K, 99% used [0x00000007a8c00000,0x00000007b81fbd00,0x00000007b8200000)
  to   space 297984K, 0% used [0x0000000796900000,0x0000000796900000,0x00000007a8c00000)
 ParOldGen       total 1053184K, used 645063K [0x00000006c0000000, 0x0000000700480000, 0x000000076ab00000)
  object space 1053184K, 61% used [0x00000006c0000000,0x00000006e75f1ce8,0x0000000700480000)
 Metaspace       used 6841K, capacity 7384K, committed 7680K, reserved 1056768K
  class space    used 640K, capacity 656K, committed 768K, reserved 1048576K
}
Event: 37.614 GC heap before
{Heap before GC invocations=24 (full 5):
 PSYoungGen      total 970752K, used 970735K [0x000000076ab00000, 0x00000007be780000, 0x00000007c0000000)
  eden space 718848K, 100% used [0x000000076ab00000,0x0000000796900000,0x0000000796900000)
  from space 251904K, 99% used [0x00000007a8c00000,0x00000007b81fbd00,0x00000007b8200000)
  to   space 297984K, 0% used [0x0000000796900000,0x0000000796900000,0x00000007a8c00000)
 ParOldGen       total 1053184K, used 645063K [0x00000006c0000000, 0x0000000700480000, 0x000000076ab00000)
  object space 1053184K, 61% used [0x00000006c0000000,0x00000006e75f1ce8,0x0000000700480000)
 Metaspace       used 6878K, capacity 7448K, committed 7680K, reserved 1056768K
  class space    used 642K, capacity 656K, committed 768K, reserved 1048576K

